This file contains any messages produced by compilers while
running configure, to aid debugging if configure makes a mistake.

It was created by tdbcodbc configure 1.1.10, which was
generated by GNU Autoconf 2.72.  Invocation command line was

  $ /home/iot25/machenfeng/kank/sq_work/tcl9.0.1/pkgs/tdbcodbc1.1.10/configure --with-tcl=../.. --with-tclinclude=/home/iot25/machenfeng/kank/sq_work/tcl9.0.1/generic --prefix=/home/iot25/machenfeng/kank/sq_work/tcl9.0.1/build --libdir=/home/iot25/machenfeng/kank/sq_work/tcl9.0.1/build/lib --enable-shared

## --------- ##
## Platform. ##
## --------- ##

hostname = Raspberrypi4B
uname -m = armv7l
uname -r = 5.15.32-v7l+
uname -s = Linux
uname -v = #1538 SMP Thu Mar 31 19:39:41 BST 2022

/usr/bin/uname -p = unknown
/bin/uname -X     = unknown

/bin/arch              = armv7l
/usr/bin/arch -k       = unknown
/usr/convex/getsysinfo = unknown
/usr/bin/hostinfo      = unknown
/bin/machine           = unknown
/usr/bin/oslevel       = unknown
/bin/universe          = unknown

PATH: /usr/local/sbin/
PATH: /usr/local/bin/
PATH: /usr/sbin/
PATH: /usr/bin/
PATH: /sbin/
PATH: /bin/
PATH: /usr/local/games/
PATH: /usr/games/
PATH: /home/iot25/machenfeng/kank/temperature_client/sq_work/bin/
PATH: /home/iot25/machenfeng/kank/temperature_client/tcl9.0.1/build/


## ----------- ##
## Core tests. ##
## ----------- ##

configure:2748: checking TEA configuration
configure:2754: result: ok (TEA 3.13)
configure:2841: configuring tdbcodbc 1.1.10
configure:2871: checking system version
configure:2899: result: Linux-5.15.32-v7l+
configure:2948: checking for Tcl configuration
configure:3088: result: found /home/iot25/machenfeng/kank/sq_work/tcl9.0.1/build/tclConfig.sh
configure:3156: checking for gcc
configure:3177: found /usr/bin/gcc
configure:3189: result: gcc
configure:3548: checking for C compiler version
configure:3557: gcc --version >&5
gcc (Raspbian 10.2.1-6+rpi1) 10.2.1 20210110
Copyright (C) 2020 Free Software Foundation, Inc.
This is free software; see the source for copying conditions.  There is NO
warranty; not even for MERCHANTABILITY or FITNESS FOR A PARTICULAR PURPOSE.

configure:3568: $? = 0
configure:3557: gcc -v >&5
Using built-in specs.
COLLECT_GCC=gcc
COLLECT_LTO_WRAPPER=/usr/lib/gcc/arm-linux-gnueabihf/10/lto-wrapper
Target: arm-linux-gnueabihf
Configured with: ../src/configure -v --with-pkgversion='Raspbian 10.2.1-6+rpi1' --with-bugurl=file:///usr/share/doc/gcc-10/README.Bugs --enable-languages=c,ada,c++,go,d,fortran,objc,obj-c++,m2 --prefix=/usr --with-gcc-major-version-only --program-suffix=-10 --program-prefix=arm-linux-gnueabihf- --enable-shared --enable-linker-build-id --libexecdir=/usr/lib --without-included-gettext --enable-threads=posix --libdir=/usr/lib --enable-nls --enable-bootstrap --enable-clocale=gnu --enable-libstdcxx-debug --enable-libstdcxx-time=yes --with-default-libstdcxx-abi=new --enable-gnu-unique-object --disable-libitm --disable-libquadmath --disable-libquadmath-support --enable-plugin --with-system-zlib --enable-libphobos-checking=release --with-target-system-zlib=auto --enable-objc-gc=auto --enable-multiarch --disable-sjlj-exceptions --with-arch=armv6 --with-fpu=vfp --with-float=hard --disable-werror --enable-checking=release --build=arm-linux-gnueabihf --host=arm-linux-gnueabihf --target=arm-linux-gnueabihf
Thread model: posix
Supported LTO compression algorithms: zlib zstd
gcc version 10.2.1 20210110 (Raspbian 10.2.1-6+rpi1) 
configure:3568: $? = 0
configure:3557: gcc -V >&5
gcc: error: unrecognized command-line option '-V'
gcc: fatal error: no input files
compilation terminated.
configure:3568: $? = 1
configure:3557: gcc -qversion >&5
gcc: error: unrecognized command-line option '-qversion'; did you mean '--version'?
gcc: fatal error: no input files
compilation terminated.
configure:3568: $? = 1
configure:3557: gcc -version >&5
gcc: error: unrecognized command-line option '-version'
gcc: fatal error: no input files
compilation terminated.
configure:3568: $? = 1
configure:3588: checking whether the C compiler works
configure:3610: gcc    conftest.c  >&5
configure:3614: $? = 0
configure:3665: result: yes
configure:3669: checking for C compiler default output file name
configure:3671: result: a.out
configure:3677: checking for suffix of executables
configure:3684: gcc -o conftest    conftest.c  >&5
configure:3688: $? = 0
configure:3712: result: 
configure:3736: checking whether we are cross compiling
configure:3744: gcc -o conftest    conftest.c  >&5
configure:3748: $? = 0
configure:3755: ./conftest
configure:3759: $? = 0
configure:3774: result: no
configure:3780: checking for suffix of object files
configure:3803: gcc -c   conftest.c >&5
configure:3807: $? = 0
configure:3831: result: o
configure:3835: checking whether the compiler supports GNU C
configure:3855: gcc -c   conftest.c >&5
configure:3855: $? = 0
configure:3867: result: yes
configure:3878: checking whether gcc accepts -g
configure:3899: gcc -c -g  conftest.c >&5
configure:3899: $? = 0
configure:3946: result: yes
configure:3966: checking for gcc option to enable C11 features
configure:3981: gcc  -c   conftest.c >&5
configure:3981: $? = 0
configure:4000: result: none needed
configure:4120: checking for existence of /home/iot25/machenfeng/kank/sq_work/tcl9.0.1/build/tclConfig.sh
configure:4124: result: loading
configure:4178: checking platform
configure:4196: gcc -c   conftest.c >&5
configure:4196: $? = 0
configure:4255: result: unix
configure:4320: checking for tdbc configuration
configure:4410: result: found /home/iot25/machenfeng/kank/sq_work/tcl9.0.1/build/pkgs/tdbc1.1.10/tdbcConfig.sh
configure:4416: checking for existence of /home/iot25/machenfeng/kank/sq_work/tcl9.0.1/build/pkgs/tdbc1.1.10/tdbcConfig.sh
configure:4420: result: loading
configure:4438: WARNING: Found Makefile - using build library specs for tdbc
configure:4511: checking For tdbc_STUB library for LIBS
configure:4544: result: using tdbc_STUB_LIB_SPEC -L/home/iot25/machenfeng/kank/sq_work/tcl9.0.1/build/pkgs/tdbc1.1.10 -ltdbcstub
configure:4558: WARNING: Looking for "/home/iot25/machenfeng/kank/sq_work/tcl9.0.1/build/pkgs/tdbc1.1.10/Makefile"
configure:4561: WARNING: Found Makefile - using build include spec and lib specs for tdbc
configure:4593: --exec-prefix defaulting to TCL_EXEC_PREFIX /home/iot25/machenfeng/kank/sq_work/tcl9.0.1/build
configure:4669: checking for gcc
configure:4702: result: gcc
configure:5061: checking for C compiler version
configure:5070: gcc --version >&5
gcc (Raspbian 10.2.1-6+rpi1) 10.2.1 20210110
Copyright (C) 2020 Free Software Foundation, Inc.
This is free software; see the source for copying conditions.  There is NO
warranty; not even for MERCHANTABILITY or FITNESS FOR A PARTICULAR PURPOSE.

configure:5081: $? = 0
configure:5070: gcc -v >&5
Using built-in specs.
COLLECT_GCC=gcc
COLLECT_LTO_WRAPPER=/usr/lib/gcc/arm-linux-gnueabihf/10/lto-wrapper
Target: arm-linux-gnueabihf
Configured with: ../src/configure -v --with-pkgversion='Raspbian 10.2.1-6+rpi1' --with-bugurl=file:///usr/share/doc/gcc-10/README.Bugs --enable-languages=c,ada,c++,go,d,fortran,objc,obj-c++,m2 --prefix=/usr --with-gcc-major-version-only --program-suffix=-10 --program-prefix=arm-linux-gnueabihf- --enable-shared --enable-linker-build-id --libexecdir=/usr/lib --without-included-gettext --enable-threads=posix --libdir=/usr/lib --enable-nls --enable-bootstrap --enable-clocale=gnu --enable-libstdcxx-debug --enable-libstdcxx-time=yes --with-default-libstdcxx-abi=new --enable-gnu-unique-object --disable-libitm --disable-libquadmath --disable-libquadmath-support --enable-plugin --with-system-zlib --enable-libphobos-checking=release --with-target-system-zlib=auto --enable-objc-gc=auto --enable-multiarch --disable-sjlj-exceptions --with-arch=armv6 --with-fpu=vfp --with-float=hard --disable-werror --enable-checking=release --build=arm-linux-gnueabihf --host=arm-linux-gnueabihf --target=arm-linux-gnueabihf
Thread model: posix
Supported LTO compression algorithms: zlib zstd
gcc version 10.2.1 20210110 (Raspbian 10.2.1-6+rpi1) 
configure:5081: $? = 0
configure:5070: gcc -V >&5
gcc: error: unrecognized command-line option '-V'
gcc: fatal error: no input files
compilation terminated.
configure:5081: $? = 1
configure:5070: gcc -qversion >&5
gcc: error: unrecognized command-line option '-qversion'; did you mean '--version'?
gcc: fatal error: no input files
compilation terminated.
configure:5081: $? = 1
configure:5070: gcc -version >&5
gcc: error: unrecognized command-line option '-version'
gcc: fatal error: no input files
compilation terminated.
configure:5081: $? = 1
configure:5085: checking whether the compiler supports GNU C
configure:5117: result: yes
configure:5128: checking whether gcc accepts -g
configure:5196: result: yes
configure:5216: checking for gcc option to enable C11 features
configure:5250: result: none needed
configure:5373: checking how to run the C preprocessor
configure:5399: gcc -E  conftest.c
configure:5399: $? = 0
configure:5415: gcc -E  conftest.c
conftest.c:10:10: fatal error: ac_nonexistent.h: No such file or directory
   10 | #include <ac_nonexistent.h>
      |          ^~~~~~~~~~~~~~~~~~
compilation terminated.
configure:5415: $? = 1
configure: failed program was:
| /* confdefs.h */
| #define PACKAGE_NAME "tdbcodbc"
| #define PACKAGE_TARNAME "tdbcodbc"
| #define PACKAGE_VERSION "1.1.10"
| #define PACKAGE_STRING "tdbcodbc 1.1.10"
| #define PACKAGE_BUGREPORT ""
| #define PACKAGE_URL ""
| #define BUILD_tdbcodbc /**/
| /* end confdefs.h.  */
| #include <ac_nonexistent.h>
configure:5444: result: gcc -E
configure:5458: gcc -E  conftest.c
configure:5458: $? = 0
configure:5474: gcc -E  conftest.c
conftest.c:10:10: fatal error: ac_nonexistent.h: No such file or directory
   10 | #include <ac_nonexistent.h>
      |          ^~~~~~~~~~~~~~~~~~
compilation terminated.
configure:5474: $? = 1
configure: failed program was:
| /* confdefs.h */
| #define PACKAGE_NAME "tdbcodbc"
| #define PACKAGE_TARNAME "tdbcodbc"
| #define PACKAGE_VERSION "1.1.10"
| #define PACKAGE_STRING "tdbcodbc 1.1.10"
| #define PACKAGE_BUGREPORT ""
| #define PACKAGE_URL ""
| #define BUILD_tdbcodbc /**/
| /* end confdefs.h.  */
| #include <ac_nonexistent.h>
configure:5511: checking whether make sets $(MAKE)
configure:5535: result: yes
configure:5598: checking for ranlib
configure:5619: found /usr/bin/ranlib
configure:5631: result: ranlib
configure:5665: checking for stdio.h
configure:5665: gcc -c   conftest.c >&5
configure:5665: $? = 0
configure:5665: result: yes
configure:5665: checking for stdlib.h
configure:5665: gcc -c   conftest.c >&5
configure:5665: $? = 0
configure:5665: result: yes
configure:5665: checking for string.h
configure:5665: gcc -c   conftest.c >&5
configure:5665: $? = 0
configure:5665: result: yes
configure:5665: checking for inttypes.h
configure:5665: gcc -c   conftest.c >&5
configure:5665: $? = 0
configure:5665: result: yes
configure:5665: checking for stdint.h
configure:5665: gcc -c   conftest.c >&5
configure:5665: $? = 0
configure:5665: result: yes
configure:5665: checking for strings.h
configure:5665: gcc -c   conftest.c >&5
configure:5665: $? = 0
configure:5665: result: yes
configure:5665: checking for sys/stat.h
configure:5665: gcc -c   conftest.c >&5
configure:5665: $? = 0
configure:5665: result: yes
configure:5665: checking for sys/types.h
configure:5665: gcc -c   conftest.c >&5
configure:5665: $? = 0
configure:5665: result: yes
configure:5665: checking for unistd.h
configure:5665: gcc -c   conftest.c >&5
configure:5665: $? = 0
configure:5665: result: yes
configure:5700: checking if the compiler understands -pipe
configure:5719: gcc -c  -pipe  conftest.c >&5
configure:5719: $? = 0
configure:5730: result: yes
configure:5747: checking whether byte ordering is bigendian
configure:5763: gcc -c  -pipe  conftest.c >&5
conftest.c:21:9: error: unknown type name 'not'
   21 |         not a universal capable compiler
      |         ^~~
conftest.c:21:15: error: expected '=', ',', ';', 'asm' or '__attribute__' before 'universal'
   21 |         not a universal capable compiler
      |               ^~~~~~~~~
conftest.c:21:15: error: unknown type name 'universal'
configure:5763: $? = 1
configure: failed program was:
| /* confdefs.h */
| #define PACKAGE_NAME "tdbcodbc"
| #define PACKAGE_TARNAME "tdbcodbc"
| #define PACKAGE_VERSION "1.1.10"
| #define PACKAGE_STRING "tdbcodbc 1.1.10"
| #define PACKAGE_BUGREPORT ""
| #define PACKAGE_URL ""
| #define BUILD_tdbcodbc /**/
| #define HAVE_STDIO_H 1
| #define HAVE_STDLIB_H 1
| #define HAVE_STRING_H 1
| #define HAVE_INTTYPES_H 1
| #define HAVE_STDINT_H 1
| #define HAVE_STRINGS_H 1
| #define HAVE_SYS_STAT_H 1
| #define HAVE_SYS_TYPES_H 1
| #define HAVE_UNISTD_H 1
| #define STDC_HEADERS 1
| /* end confdefs.h.  */
| #ifndef __APPLE_CC__
| 	       not a universal capable compiler
| 	     #endif
| 	     typedef int dummy;
| 
configure:5809: gcc -c  -pipe  conftest.c >&5
configure:5809: $? = 0
configure:5828: gcc -c  -pipe  conftest.c >&5
conftest.c: In function 'main':
conftest.c:27:4: error: unknown type name 'not'; did you mean 'ino_t'?
   27 |    not big endian
      |    ^~~
      |    ino_t
conftest.c:27:12: error: expected '=', ',', ';', 'asm' or '__attribute__' before 'endian'
   27 |    not big endian
      |            ^~~~~~
configure:5828: $? = 1
configure: failed program was:
| /* confdefs.h */
| #define PACKAGE_NAME "tdbcodbc"
| #define PACKAGE_TARNAME "tdbcodbc"
| #define PACKAGE_VERSION "1.1.10"
| #define PACKAGE_STRING "tdbcodbc 1.1.10"
| #define PACKAGE_BUGREPORT ""
| #define PACKAGE_URL ""
| #define BUILD_tdbcodbc /**/
| #define HAVE_STDIO_H 1
| #define HAVE_STDLIB_H 1
| #define HAVE_STRING_H 1
| #define HAVE_INTTYPES_H 1
| #define HAVE_STDINT_H 1
| #define HAVE_STRINGS_H 1
| #define HAVE_SYS_STAT_H 1
| #define HAVE_SYS_TYPES_H 1
| #define HAVE_UNISTD_H 1
| #define STDC_HEADERS 1
| /* end confdefs.h.  */
| #include <sys/types.h>
| 		#include <sys/param.h>
| 
| int
| main (void)
| {
| #if BYTE_ORDER != BIG_ENDIAN
| 		 not big endian
| 		#endif
| 
|   ;
|   return 0;
| }
configure:5969: result: no
configure:5991: checking for inline
configure:6008: gcc -c  -pipe  conftest.c >&5
configure:6008: $? = 0
configure:6018: result: inline
configure:6036: checking for long long
configure:6036: gcc -c  -pipe  conftest.c >&5
configure:6036: $? = 0
configure:6036: gcc -c  -pipe  conftest.c >&5
conftest.c: In function 'main':
conftest.c:51:24: error: expected expression before ')' token
   51 | if (sizeof ((long long)))
      |                        ^
configure:6036: $? = 1
configure: failed program was:
| /* confdefs.h */
| #define PACKAGE_NAME "tdbcodbc"
| #define PACKAGE_TARNAME "tdbcodbc"
| #define PACKAGE_VERSION "1.1.10"
| #define PACKAGE_STRING "tdbcodbc 1.1.10"
| #define PACKAGE_BUGREPORT ""
| #define PACKAGE_URL ""
| #define BUILD_tdbcodbc /**/
| #define HAVE_STDIO_H 1
| #define HAVE_STDLIB_H 1
| #define HAVE_STRING_H 1
| #define HAVE_INTTYPES_H 1
| #define HAVE_STDINT_H 1
| #define HAVE_STRINGS_H 1
| #define HAVE_SYS_STAT_H 1
| #define HAVE_SYS_TYPES_H 1
| #define HAVE_UNISTD_H 1
| #define STDC_HEADERS 1
| /* end confdefs.h.  */
| #include <stddef.h>
| #ifdef HAVE_STDIO_H
| # include <stdio.h>
| #endif
| #ifdef HAVE_STDLIB_H
| # include <stdlib.h>
| #endif
| #ifdef HAVE_STRING_H
| # include <string.h>
| #endif
| #ifdef HAVE_INTTYPES_H
| # include <inttypes.h>
| #endif
| #ifdef HAVE_STDINT_H
| # include <stdint.h>
| #endif
| #ifdef HAVE_STRINGS_H
| # include <strings.h>
| #endif
| #ifdef HAVE_SYS_TYPES_H
| # include <sys/types.h>
| #endif
| #ifdef HAVE_SYS_STAT_H
| # include <sys/stat.h>
| #endif
| #ifdef HAVE_UNISTD_H
| # include <unistd.h>
| #endif
| int
| main (void)
| {
| if (sizeof ((long long)))
| 	    return 0;
|   ;
|   return 0;
| }
configure:6036: result: yes
configure:6046: checking size of long long
configure:6052: gcc -o conftest  -pipe   conftest.c  >&5
configure:6052: $? = 0
configure:6052: ./conftest
configure:6052: $? = 0
configure:6069: result: 8
configure:6084: checking size of long
configure:6090: gcc -o conftest  -pipe   conftest.c  >&5
configure:6090: $? = 0
configure:6090: ./conftest
configure:6090: $? = 0
configure:6107: result: 4
configure:6305: checking for Tcl public headers
configure:6379: result: /home/iot25/machenfeng/kank/sq_work/tcl9.0.1/generic
configure:6442: checking for pthread_mutex_init in -lpthread
configure:6471: gcc -o conftest  -pipe   conftest.c -lpthread   >&5
configure:6471: $? = 0
configure:6483: result: yes
configure:6730: checking for building with threads
configure:6736: result: yes (default)
configure:6765: checking how to build libraries
configure:6803: result: shared
configure:6893: checking for ranlib
configure:6926: result: ranlib
configure:6953: checking if 64bit support is requested
configure:6964: result: no
configure:6969: checking if 64bit Sparc VIS support is requested
configure:6980: result: no
configure:6991: checking if compiler supports visibility "hidden"
configure:7012: gcc -o conftest  -pipe -Werror   conftest.c  >&5
configure:7012: $? = 0
configure:7024: result: yes
configure:7040: checking if rpath support is requested
configure:7051: result: yes
configure:7058: checking system version
configure:7086: result: Linux-5.15.32-v7l+
configure:7174: checking for ar
configure:7195: found /usr/bin/ar
configure:7207: result: ar
configure:8982: checking for cast to union support
configure:9002: gcc -c  -pipe  conftest.c >&5
configure:9002: $? = 0
configure:9013: result: yes
configure:9021: checking for stdbool.h
configure:9021: gcc -c  -pipe  conftest.c >&5
configure:9021: $? = 0
configure:9021: result: yes
configure:9047: checking for required early compiler flags
configure:9066: gcc -c  -pipe  conftest.c >&5
configure:9066: $? = 0
configure:9120: gcc -c  -pipe  conftest.c >&5
conftest.c: In function 'main':
conftest.c:37:22: error: duplicate case value
   37 | switch (0) { case 0: case (sizeof(off_t)==sizeof(long long)): ; }
      |                      ^~~~
conftest.c:37:14: note: previously used here
   37 | switch (0) { case 0: case (sizeof(off_t)==sizeof(long long)): ; }
      |              ^~~~
configure:9120: $? = 1
configure: failed program was:
| /* confdefs.h */
| #define PACKAGE_NAME "tdbcodbc"
| #define PACKAGE_TARNAME "tdbcodbc"
| #define PACKAGE_VERSION "1.1.10"
| #define PACKAGE_STRING "tdbcodbc 1.1.10"
| #define PACKAGE_BUGREPORT ""
| #define PACKAGE_URL ""
| #define BUILD_tdbcodbc /**/
| #define HAVE_STDIO_H 1
| #define HAVE_STDLIB_H 1
| #define HAVE_STRING_H 1
| #define HAVE_INTTYPES_H 1
| #define HAVE_STDINT_H 1
| #define HAVE_STRINGS_H 1
| #define HAVE_SYS_STAT_H 1
| #define HAVE_SYS_TYPES_H 1
| #define HAVE_UNISTD_H 1
| #define STDC_HEADERS 1
| #define HAVE_LONG_LONG 1
| #define SIZEOF_LONG_LONG 8
| #define SIZEOF_LONG 4
| #define USE_THREAD_ALLOC 1
| #define _REENTRANT 1
| #define _THREAD_SAFE 1
| #define TCL_THREADS 1
| #define USE_TCL_STUBS 1
| #define USE_TCLOO_STUBS 1
| #define MODULE_SCOPE extern __attribute__((__visibility__("hidden")))
| #define HAVE_HIDDEN 1
| #define HAVE_CAST_TO_UNION 1
| #define HAVE_STDBOOL_H 1
| /* end confdefs.h.  */
| #include <sys/stat.h>
| int
| main (void)
| {
| switch (0) { case 0: case (sizeof(off_t)==sizeof(long long)): ; }
|   ;
|   return 0;
| }
configure:9136: gcc -c  -pipe  conftest.c >&5
configure:9136: $? = 0
configure:9162: result:  _FILE_OFFSET_BITS
configure:9167: checking for 64-bit integer type
configure:9187: gcc -c  -pipe  conftest.c >&5
conftest.c: In function 'main':
conftest.c:38:1: error: unknown type name '__int64'
   38 | __int64 value = (__int64) 0;
      | ^~~~~~~
conftest.c:38:18: error: '__int64' undeclared (first use in this function)
   38 | __int64 value = (__int64) 0;
      |                  ^~~~~~~
conftest.c:38:18: note: each undeclared identifier is reported only once for each function it appears in
conftest.c:38:27: error: expected ',' or ';' before numeric constant
   38 | __int64 value = (__int64) 0;
      |                           ^
configure:9187: $? = 1
configure: failed program was:
| /* confdefs.h */
| #define PACKAGE_NAME "tdbcodbc"
| #define PACKAGE_TARNAME "tdbcodbc"
| #define PACKAGE_VERSION "1.1.10"
| #define PACKAGE_STRING "tdbcodbc 1.1.10"
| #define PACKAGE_BUGREPORT ""
| #define PACKAGE_URL ""
| #define BUILD_tdbcodbc /**/
| #define HAVE_STDIO_H 1
| #define HAVE_STDLIB_H 1
| #define HAVE_STRING_H 1
| #define HAVE_INTTYPES_H 1
| #define HAVE_STDINT_H 1
| #define HAVE_STRINGS_H 1
| #define HAVE_SYS_STAT_H 1
| #define HAVE_SYS_TYPES_H 1
| #define HAVE_UNISTD_H 1
| #define STDC_HEADERS 1
| #define HAVE_LONG_LONG 1
| #define SIZEOF_LONG_LONG 8
| #define SIZEOF_LONG 4
| #define USE_THREAD_ALLOC 1
| #define _REENTRANT 1
| #define _THREAD_SAFE 1
| #define TCL_THREADS 1
| #define USE_TCL_STUBS 1
| #define USE_TCLOO_STUBS 1
| #define MODULE_SCOPE extern __attribute__((__visibility__("hidden")))
| #define HAVE_HIDDEN 1
| #define HAVE_CAST_TO_UNION 1
| #define HAVE_STDBOOL_H 1
| #define _FILE_OFFSET_BITS 64
| /* end confdefs.h.  */
| 
| int
| main (void)
| {
| __int64 value = (__int64) 0;
|   ;
|   return 0;
| }
configure:9211: gcc -c  -pipe  conftest.c >&5
configure:9211: $? = 0
configure:9235: result: long long
configure:9240: checking for 64-bit time_t
configure:9258: gcc -c  -pipe  conftest.c >&5
conftest.c: In function 'main':
conftest.c:39:21: error: duplicate case value
   39 | switch (0) {case 0: case (sizeof(time_t)==sizeof(long long)): ;}
      |                     ^~~~
conftest.c:39:13: note: previously used here
   39 | switch (0) {case 0: case (sizeof(time_t)==sizeof(long long)): ;}
      |             ^~~~
configure:9258: $? = 1
configure: failed program was:
| /* confdefs.h */
| #define PACKAGE_NAME "tdbcodbc"
| #define PACKAGE_TARNAME "tdbcodbc"
| #define PACKAGE_VERSION "1.1.10"
| #define PACKAGE_STRING "tdbcodbc 1.1.10"
| #define PACKAGE_BUGREPORT ""
| #define PACKAGE_URL ""
| #define BUILD_tdbcodbc /**/
| #define HAVE_STDIO_H 1
| #define HAVE_STDLIB_H 1
| #define HAVE_STRING_H 1
| #define HAVE_INTTYPES_H 1
| #define HAVE_STDINT_H 1
| #define HAVE_STRINGS_H 1
| #define HAVE_SYS_STAT_H 1
| #define HAVE_SYS_TYPES_H 1
| #define HAVE_UNISTD_H 1
| #define STDC_HEADERS 1
| #define HAVE_LONG_LONG 1
| #define SIZEOF_LONG_LONG 8
| #define SIZEOF_LONG 4
| #define USE_THREAD_ALLOC 1
| #define _REENTRANT 1
| #define _THREAD_SAFE 1
| #define TCL_THREADS 1
| #define USE_TCL_STUBS 1
| #define USE_TCLOO_STUBS 1
| #define MODULE_SCOPE extern __attribute__((__visibility__("hidden")))
| #define HAVE_HIDDEN 1
| #define HAVE_CAST_TO_UNION 1
| #define HAVE_STDBOOL_H 1
| #define _FILE_OFFSET_BITS 64
| #define TCL_WIDE_INT_TYPE long long
| /* end confdefs.h.  */
| #include <sys/types.h>
| int
| main (void)
| {
| switch (0) {case 0: case (sizeof(time_t)==sizeof(long long)): ;}
|   ;
|   return 0;
| }
configure:9268: result: no
configure:9273: checking if _TIME_BITS=64 enables 64-bit time_t
configure:9292: gcc -c  -pipe  conftest.c >&5
conftest.c: In function 'main':
conftest.c:40:21: error: duplicate case value
   40 | switch (0) {case 0: case (sizeof(time_t)==sizeof(long long)): ;}
      |                     ^~~~
conftest.c:40:13: note: previously used here
   40 | switch (0) {case 0: case (sizeof(time_t)==sizeof(long long)): ;}
      |             ^~~~
configure:9292: $? = 1
configure: failed program was:
| /* confdefs.h */
| #define PACKAGE_NAME "tdbcodbc"
| #define PACKAGE_TARNAME "tdbcodbc"
| #define PACKAGE_VERSION "1.1.10"
| #define PACKAGE_STRING "tdbcodbc 1.1.10"
| #define PACKAGE_BUGREPORT ""
| #define PACKAGE_URL ""
| #define BUILD_tdbcodbc /**/
| #define HAVE_STDIO_H 1
| #define HAVE_STDLIB_H 1
| #define HAVE_STRING_H 1
| #define HAVE_INTTYPES_H 1
| #define HAVE_STDINT_H 1
| #define HAVE_STRINGS_H 1
| #define HAVE_SYS_STAT_H 1
| #define HAVE_SYS_TYPES_H 1
| #define HAVE_UNISTD_H 1
| #define STDC_HEADERS 1
| #define HAVE_LONG_LONG 1
| #define SIZEOF_LONG_LONG 8
| #define SIZEOF_LONG 4
| #define USE_THREAD_ALLOC 1
| #define _REENTRANT 1
| #define _THREAD_SAFE 1
| #define TCL_THREADS 1
| #define USE_TCL_STUBS 1
| #define USE_TCLOO_STUBS 1
| #define MODULE_SCOPE extern __attribute__((__visibility__("hidden")))
| #define HAVE_HIDDEN 1
| #define HAVE_CAST_TO_UNION 1
| #define HAVE_STDBOOL_H 1
| #define _FILE_OFFSET_BITS 64
| #define TCL_WIDE_INT_TYPE long long
| /* end confdefs.h.  */
| #define _TIME_BITS 64
| #include <sys/types.h>
| int
| main (void)
| {
| switch (0) {case 0: case (sizeof(time_t)==sizeof(long long)): ;}
|   ;
|   return 0;
| }
configure:9302: result: no
configure:9312: checking for struct dirent64
configure:9331: gcc -c  -pipe  conftest.c >&5
conftest.c: In function 'main':
conftest.c:40:17: error: storage size of 'p' isn't known
   40 | struct dirent64 p;
      |                 ^
configure:9331: $? = 1
configure: failed program was:
| /* confdefs.h */
| #define PACKAGE_NAME "tdbcodbc"
| #define PACKAGE_TARNAME "tdbcodbc"
| #define PACKAGE_VERSION "1.1.10"
| #define PACKAGE_STRING "tdbcodbc 1.1.10"
| #define PACKAGE_BUGREPORT ""
| #define PACKAGE_URL ""
| #define BUILD_tdbcodbc /**/
| #define HAVE_STDIO_H 1
| #define HAVE_STDLIB_H 1
| #define HAVE_STRING_H 1
| #define HAVE_INTTYPES_H 1
| #define HAVE_STDINT_H 1
| #define HAVE_STRINGS_H 1
| #define HAVE_SYS_STAT_H 1
| #define HAVE_SYS_TYPES_H 1
| #define HAVE_UNISTD_H 1
| #define STDC_HEADERS 1
| #define HAVE_LONG_LONG 1
| #define SIZEOF_LONG_LONG 8
| #define SIZEOF_LONG 4
| #define USE_THREAD_ALLOC 1
| #define _REENTRANT 1
| #define _THREAD_SAFE 1
| #define TCL_THREADS 1
| #define USE_TCL_STUBS 1
| #define USE_TCLOO_STUBS 1
| #define MODULE_SCOPE extern __attribute__((__visibility__("hidden")))
| #define HAVE_HIDDEN 1
| #define HAVE_CAST_TO_UNION 1
| #define HAVE_STDBOOL_H 1
| #define _FILE_OFFSET_BITS 64
| #define TCL_WIDE_INT_TYPE long long
| /* end confdefs.h.  */
| #include <sys/types.h>
| #include <dirent.h>
| int
| main (void)
| {
| struct dirent64 p;
|   ;
|   return 0;
| }
configure:9341: result: no
configure:9349: checking for DIR64
configure:9369: gcc -c  -pipe  conftest.c >&5
conftest.c: In function 'main':
conftest.c:40:21: error: unknown type name 'DIR64'; did you mean 'DIR'?
   40 | struct dirent64 *p; DIR64 d = opendir64(".");
      |                     ^~~~~
      |                     DIR
conftest.c:40:31: warning: implicit declaration of function 'opendir64'; did you mean 'opendir'? [-Wimplicit-function-declaration]
   40 | struct dirent64 *p; DIR64 d = opendir64(".");
      |                               ^~~~~~~~~
      |                               opendir
conftest.c:41:10: warning: implicit declaration of function 'readdir64'; did you mean 'readdir_r'? [-Wimplicit-function-declaration]
   41 |      p = readdir64(d); rewinddir64(d); closedir64(d);
      |          ^~~~~~~~~
      |          readdir_r
conftest.c:41:8: warning: assignment to 'struct dirent64 *' from 'int' makes pointer from integer without a cast [-Wint-conversion]
   41 |      p = readdir64(d); rewinddir64(d); closedir64(d);
      |        ^
conftest.c:41:24: warning: implicit declaration of function 'rewinddir64'; did you mean 'rewinddir'? [-Wimplicit-function-declaration]
   41 |      p = readdir64(d); rewinddir64(d); closedir64(d);
      |                        ^~~~~~~~~~~
      |                        rewinddir
conftest.c:41:40: warning: implicit declaration of function 'closedir64'; did you mean 'closedir'? [-Wimplicit-function-declaration]
   41 |      p = readdir64(d); rewinddir64(d); closedir64(d);
      |                                        ^~~~~~~~~~
      |                                        closedir
configure:9369: $? = 1
configure: failed program was:
| /* confdefs.h */
| #define PACKAGE_NAME "tdbcodbc"
| #define PACKAGE_TARNAME "tdbcodbc"
| #define PACKAGE_VERSION "1.1.10"
| #define PACKAGE_STRING "tdbcodbc 1.1.10"
| #define PACKAGE_BUGREPORT ""
| #define PACKAGE_URL ""
| #define BUILD_tdbcodbc /**/
| #define HAVE_STDIO_H 1
| #define HAVE_STDLIB_H 1
| #define HAVE_STRING_H 1
| #define HAVE_INTTYPES_H 1
| #define HAVE_STDINT_H 1
| #define HAVE_STRINGS_H 1
| #define HAVE_SYS_STAT_H 1
| #define HAVE_SYS_TYPES_H 1
| #define HAVE_UNISTD_H 1
| #define STDC_HEADERS 1
| #define HAVE_LONG_LONG 1
| #define SIZEOF_LONG_LONG 8
| #define SIZEOF_LONG 4
| #define USE_THREAD_ALLOC 1
| #define _REENTRANT 1
| #define _THREAD_SAFE 1
| #define TCL_THREADS 1
| #define USE_TCL_STUBS 1
| #define USE_TCLOO_STUBS 1
| #define MODULE_SCOPE extern __attribute__((__visibility__("hidden")))
| #define HAVE_HIDDEN 1
| #define HAVE_CAST_TO_UNION 1
| #define HAVE_STDBOOL_H 1
| #define _FILE_OFFSET_BITS 64
| #define TCL_WIDE_INT_TYPE long long
| /* end confdefs.h.  */
| #include <sys/types.h>
| #include <dirent.h>
| int
| main (void)
| {
| struct dirent64 *p; DIR64 d = opendir64(".");
| 	    p = readdir64(d); rewinddir64(d); closedir64(d);
|   ;
|   return 0;
| }
configure:9379: result: no
configure:9387: checking for struct stat64
configure:9406: gcc -c  -pipe  conftest.c >&5
conftest.c: In function 'main':
conftest.c:39:15: error: storage size of 'p' isn't known
   39 | struct stat64 p;
      |               ^
configure:9406: $? = 1
configure: failed program was:
| /* confdefs.h */
| #define PACKAGE_NAME "tdbcodbc"
| #define PACKAGE_TARNAME "tdbcodbc"
| #define PACKAGE_VERSION "1.1.10"
| #define PACKAGE_STRING "tdbcodbc 1.1.10"
| #define PACKAGE_BUGREPORT ""
| #define PACKAGE_URL ""
| #define BUILD_tdbcodbc /**/
| #define HAVE_STDIO_H 1
| #define HAVE_STDLIB_H 1
| #define HAVE_STRING_H 1
| #define HAVE_INTTYPES_H 1
| #define HAVE_STDINT_H 1
| #define HAVE_STRINGS_H 1
| #define HAVE_SYS_STAT_H 1
| #define HAVE_SYS_TYPES_H 1
| #define HAVE_UNISTD_H 1
| #define STDC_HEADERS 1
| #define HAVE_LONG_LONG 1
| #define SIZEOF_LONG_LONG 8
| #define SIZEOF_LONG 4
| #define USE_THREAD_ALLOC 1
| #define _REENTRANT 1
| #define _THREAD_SAFE 1
| #define TCL_THREADS 1
| #define USE_TCL_STUBS 1
| #define USE_TCLOO_STUBS 1
| #define MODULE_SCOPE extern __attribute__((__visibility__("hidden")))
| #define HAVE_HIDDEN 1
| #define HAVE_CAST_TO_UNION 1
| #define HAVE_STDBOOL_H 1
| #define _FILE_OFFSET_BITS 64
| #define TCL_WIDE_INT_TYPE long long
| /* end confdefs.h.  */
| #include <sys/stat.h>
| int
| main (void)
| {
| struct stat64 p;
| 
|   ;
|   return 0;
| }
configure:9416: result: no
configure:9424: checking for open64
configure:9424: gcc -o conftest  -pipe   -Wl,--export-dynamic  conftest.c  >&5
configure:9424: $? = 0
configure:9424: result: yes
configure:9430: checking for lseek64
configure:9430: gcc -o conftest  -pipe   -Wl,--export-dynamic  conftest.c  >&5
configure:9430: $? = 0
configure:9430: result: yes
configure:9437: checking for off64_t
configure:9456: gcc -c  -pipe  conftest.c >&5
conftest.c: In function 'main':
conftest.c:41:1: error: unknown type name 'off64_t'; did you mean 'off_t'?
   41 | off64_t offset;
      | ^~~~~~~
      | off_t
configure:9456: $? = 1
configure: failed program was:
| /* confdefs.h */
| #define PACKAGE_NAME "tdbcodbc"
| #define PACKAGE_TARNAME "tdbcodbc"
| #define PACKAGE_VERSION "1.1.10"
| #define PACKAGE_STRING "tdbcodbc 1.1.10"
| #define PACKAGE_BUGREPORT ""
| #define PACKAGE_URL ""
| #define BUILD_tdbcodbc /**/
| #define HAVE_STDIO_H 1
| #define HAVE_STDLIB_H 1
| #define HAVE_STRING_H 1
| #define HAVE_INTTYPES_H 1
| #define HAVE_STDINT_H 1
| #define HAVE_STRINGS_H 1
| #define HAVE_SYS_STAT_H 1
| #define HAVE_SYS_TYPES_H 1
| #define HAVE_UNISTD_H 1
| #define STDC_HEADERS 1
| #define HAVE_LONG_LONG 1
| #define SIZEOF_LONG_LONG 8
| #define SIZEOF_LONG 4
| #define USE_THREAD_ALLOC 1
| #define _REENTRANT 1
| #define _THREAD_SAFE 1
| #define TCL_THREADS 1
| #define USE_TCL_STUBS 1
| #define USE_TCLOO_STUBS 1
| #define MODULE_SCOPE extern __attribute__((__visibility__("hidden")))
| #define HAVE_HIDDEN 1
| #define HAVE_CAST_TO_UNION 1
| #define HAVE_STDBOOL_H 1
| #define _FILE_OFFSET_BITS 64
| #define TCL_WIDE_INT_TYPE long long
| #define HAVE_OPEN64 1
| #define HAVE_LSEEK64 1
| /* end confdefs.h.  */
| #include <sys/types.h>
| int
| main (void)
| {
| off64_t offset;
| 
|   ;
|   return 0;
| }
configure:9476: result: no
configure:9489: checking for build with symbols
configure:9503: result: no
configure:9541: checking for intptr_t
configure:9541: gcc -c  -pipe  conftest.c >&5
configure:9541: $? = 0
configure:9541: gcc -c  -pipe  conftest.c >&5
conftest.c: In function 'main':
conftest.c:69:23: error: expected expression before ')' token
   69 | if (sizeof ((intptr_t)))
      |                       ^
configure:9541: $? = 1
configure: failed program was:
| /* confdefs.h */
| #define PACKAGE_NAME "tdbcodbc"
| #define PACKAGE_TARNAME "tdbcodbc"
| #define PACKAGE_VERSION "1.1.10"
| #define PACKAGE_STRING "tdbcodbc 1.1.10"
| #define PACKAGE_BUGREPORT ""
| #define PACKAGE_URL ""
| #define BUILD_tdbcodbc /**/
| #define HAVE_STDIO_H 1
| #define HAVE_STDLIB_H 1
| #define HAVE_STRING_H 1
| #define HAVE_INTTYPES_H 1
| #define HAVE_STDINT_H 1
| #define HAVE_STRINGS_H 1
| #define HAVE_SYS_STAT_H 1
| #define HAVE_SYS_TYPES_H 1
| #define HAVE_UNISTD_H 1
| #define STDC_HEADERS 1
| #define HAVE_LONG_LONG 1
| #define SIZEOF_LONG_LONG 8
| #define SIZEOF_LONG 4
| #define USE_THREAD_ALLOC 1
| #define _REENTRANT 1
| #define _THREAD_SAFE 1
| #define TCL_THREADS 1
| #define USE_TCL_STUBS 1
| #define USE_TCLOO_STUBS 1
| #define MODULE_SCOPE extern __attribute__((__visibility__("hidden")))
| #define HAVE_HIDDEN 1
| #define HAVE_CAST_TO_UNION 1
| #define HAVE_STDBOOL_H 1
| #define _FILE_OFFSET_BITS 64
| #define TCL_WIDE_INT_TYPE long long
| #define HAVE_OPEN64 1
| #define HAVE_LSEEK64 1
| #define TCL_CFG_OPTIMIZED 1
| /* end confdefs.h.  */
| #include <stddef.h>
| #ifdef HAVE_STDIO_H
| # include <stdio.h>
| #endif
| #ifdef HAVE_STDLIB_H
| # include <stdlib.h>
| #endif
| #ifdef HAVE_STRING_H
| # include <string.h>
| #endif
| #ifdef HAVE_INTTYPES_H
| # include <inttypes.h>
| #endif
| #ifdef HAVE_STDINT_H
| # include <stdint.h>
| #endif
| #ifdef HAVE_STRINGS_H
| # include <strings.h>
| #endif
| #ifdef HAVE_SYS_TYPES_H
| # include <sys/types.h>
| #endif
| #ifdef HAVE_SYS_STAT_H
| # include <sys/stat.h>
| #endif
| #ifdef HAVE_UNISTD_H
| # include <unistd.h>
| #endif
| int
| main (void)
| {
| if (sizeof ((intptr_t)))
| 	    return 0;
|   ;
|   return 0;
| }
configure:9541: result: yes
configure:9578: checking for uintptr_t
configure:9578: gcc -c  -pipe  conftest.c >&5
configure:9578: $? = 0
configure:9578: gcc -c  -pipe  conftest.c >&5
conftest.c: In function 'main':
conftest.c:70:24: error: expected expression before ')' token
   70 | if (sizeof ((uintptr_t)))
      |                        ^
configure:9578: $? = 1
configure: failed program was:
| /* confdefs.h */
| #define PACKAGE_NAME "tdbcodbc"
| #define PACKAGE_TARNAME "tdbcodbc"
| #define PACKAGE_VERSION "1.1.10"
| #define PACKAGE_STRING "tdbcodbc 1.1.10"
| #define PACKAGE_BUGREPORT ""
| #define PACKAGE_URL ""
| #define BUILD_tdbcodbc /**/
| #define HAVE_STDIO_H 1
| #define HAVE_STDLIB_H 1
| #define HAVE_STRING_H 1
| #define HAVE_INTTYPES_H 1
| #define HAVE_STDINT_H 1
| #define HAVE_STRINGS_H 1
| #define HAVE_SYS_STAT_H 1
| #define HAVE_SYS_TYPES_H 1
| #define HAVE_UNISTD_H 1
| #define STDC_HEADERS 1
| #define HAVE_LONG_LONG 1
| #define SIZEOF_LONG_LONG 8
| #define SIZEOF_LONG 4
| #define USE_THREAD_ALLOC 1
| #define _REENTRANT 1
| #define _THREAD_SAFE 1
| #define TCL_THREADS 1
| #define USE_TCL_STUBS 1
| #define USE_TCLOO_STUBS 1
| #define MODULE_SCOPE extern __attribute__((__visibility__("hidden")))
| #define HAVE_HIDDEN 1
| #define HAVE_CAST_TO_UNION 1
| #define HAVE_STDBOOL_H 1
| #define _FILE_OFFSET_BITS 64
| #define TCL_WIDE_INT_TYPE long long
| #define HAVE_OPEN64 1
| #define HAVE_LSEEK64 1
| #define TCL_CFG_OPTIMIZED 1
| #define HAVE_INTPTR_T 1
| /* end confdefs.h.  */
| #include <stddef.h>
| #ifdef HAVE_STDIO_H
| # include <stdio.h>
| #endif
| #ifdef HAVE_STDLIB_H
| # include <stdlib.h>
| #endif
| #ifdef HAVE_STRING_H
| # include <string.h>
| #endif
| #ifdef HAVE_INTTYPES_H
| # include <inttypes.h>
| #endif
| #ifdef HAVE_STDINT_H
| # include <stdint.h>
| #endif
| #ifdef HAVE_STRINGS_H
| # include <strings.h>
| #endif
| #ifdef HAVE_SYS_TYPES_H
| # include <sys/types.h>
| #endif
| #ifdef HAVE_SYS_STAT_H
| # include <sys/stat.h>
| #endif
| #ifdef HAVE_UNISTD_H
| # include <unistd.h>
| #endif
| int
| main (void)
| {
| if (sizeof ((uintptr_t)))
| 	    return 0;
|   ;
|   return 0;
| }
configure:9578: result: yes
configure:9620: checking for main in -lws2_32
configure:9640: gcc -o conftest  -pipe   -Wl,--export-dynamic  conftest.c -lws2_32   >&5
/usr/bin/ld: cannot find -lws2_32
collect2: error: ld returned 1 exit status
configure:9640: $? = 1
configure: failed program was:
| /* confdefs.h */
| #define PACKAGE_NAME "tdbcodbc"
| #define PACKAGE_TARNAME "tdbcodbc"
| #define PACKAGE_VERSION "1.1.10"
| #define PACKAGE_STRING "tdbcodbc 1.1.10"
| #define PACKAGE_BUGREPORT ""
| #define PACKAGE_URL ""
| #define BUILD_tdbcodbc /**/
| #define HAVE_STDIO_H 1
| #define HAVE_STDLIB_H 1
| #define HAVE_STRING_H 1
| #define HAVE_INTTYPES_H 1
| #define HAVE_STDINT_H 1
| #define HAVE_STRINGS_H 1
| #define HAVE_SYS_STAT_H 1
| #define HAVE_SYS_TYPES_H 1
| #define HAVE_UNISTD_H 1
| #define STDC_HEADERS 1
| #define HAVE_LONG_LONG 1
| #define SIZEOF_LONG_LONG 8
| #define SIZEOF_LONG 4
| #define USE_THREAD_ALLOC 1
| #define _REENTRANT 1
| #define _THREAD_SAFE 1
| #define TCL_THREADS 1
| #define USE_TCL_STUBS 1
| #define USE_TCLOO_STUBS 1
| #define MODULE_SCOPE extern __attribute__((__visibility__("hidden")))
| #define HAVE_HIDDEN 1
| #define HAVE_CAST_TO_UNION 1
| #define HAVE_STDBOOL_H 1
| #define _FILE_OFFSET_BITS 64
| #define TCL_WIDE_INT_TYPE long long
| #define HAVE_OPEN64 1
| #define HAVE_LSEEK64 1
| #define TCL_CFG_OPTIMIZED 1
| #define HAVE_INTPTR_T 1
| #define HAVE_UINTPTR_T 1
| /* end confdefs.h.  */
| 
| 
| int
| main (void)
| {
| return main ();
|   ;
|   return 0;
| }
configure:9652: result: no
configure:9669: checking for main in -lwinsock
configure:9689: gcc -o conftest  -pipe   -Wl,--export-dynamic  conftest.c -lwinsock   >&5
/usr/bin/ld: cannot find -lwinsock
collect2: error: ld returned 1 exit status
configure:9689: $? = 1
configure: failed program was:
| /* confdefs.h */
| #define PACKAGE_NAME "tdbcodbc"
| #define PACKAGE_TARNAME "tdbcodbc"
| #define PACKAGE_VERSION "1.1.10"
| #define PACKAGE_STRING "tdbcodbc 1.1.10"
| #define PACKAGE_BUGREPORT ""
| #define PACKAGE_URL ""
| #define BUILD_tdbcodbc /**/
| #define HAVE_STDIO_H 1
| #define HAVE_STDLIB_H 1
| #define HAVE_STRING_H 1
| #define HAVE_INTTYPES_H 1
| #define HAVE_STDINT_H 1
| #define HAVE_STRINGS_H 1
| #define HAVE_SYS_STAT_H 1
| #define HAVE_SYS_TYPES_H 1
| #define HAVE_UNISTD_H 1
| #define STDC_HEADERS 1
| #define HAVE_LONG_LONG 1
| #define SIZEOF_LONG_LONG 8
| #define SIZEOF_LONG 4
| #define USE_THREAD_ALLOC 1
| #define _REENTRANT 1
| #define _THREAD_SAFE 1
| #define TCL_THREADS 1
| #define USE_TCL_STUBS 1
| #define USE_TCLOO_STUBS 1
| #define MODULE_SCOPE extern __attribute__((__visibility__("hidden")))
| #define HAVE_HIDDEN 1
| #define HAVE_CAST_TO_UNION 1
| #define HAVE_STDBOOL_H 1
| #define _FILE_OFFSET_BITS 64
| #define TCL_WIDE_INT_TYPE long long
| #define HAVE_OPEN64 1
| #define HAVE_LSEEK64 1
| #define TCL_CFG_OPTIMIZED 1
| #define HAVE_INTPTR_T 1
| #define HAVE_UINTPTR_T 1
| /* end confdefs.h.  */
| 
| 
| int
| main (void)
| {
| return main ();
|   ;
|   return 0;
| }
configure:9701: result: no
configure:9730: checking for egrep -e
configure:9860: result: /usr/bin/grep -E
configure:10010: checking for tclsh
configure:10045: result: /home/iot25/machenfeng/kank/sq_work/tcl9.0.1/build/tclsh
configure:10200: creating ./config.status

## ---------------------- ##
## Running config.status. ##
## ---------------------- ##

This file was extended by tdbcodbc config.status 1.1.10, which was
generated by GNU Autoconf 2.72.  Invocation command line was

  CONFIG_FILES    = 
  CONFIG_HEADERS  = 
  CONFIG_LINKS    = 
  CONFIG_COMMANDS = 
  $ ./config.status 

on Raspberrypi4B

config.status:813: creating Makefile
config.status:813: creating pkgIndex.tcl

## ---------------- ##
## Cache variables. ##
## ---------------- ##

ac_cv_c_bigendian=no
ac_cv_c_compiler_gnu=yes
ac_cv_c_inline=inline
ac_cv_c_tclconfig=/home/iot25/machenfeng/kank/sq_work/tcl9.0.1/build
ac_cv_c_tclh=/home/iot25/machenfeng/kank/sq_work/tcl9.0.1/generic
ac_cv_c_tdbcconfig=/home/iot25/machenfeng/kank/sq_work/tcl9.0.1/build/pkgs/tdbc1.1.10
ac_cv_env_CC_set=
ac_cv_env_CC_value=
ac_cv_env_CFLAGS_set=
ac_cv_env_CFLAGS_value=
ac_cv_env_CPPFLAGS_set=
ac_cv_env_CPPFLAGS_value=
ac_cv_env_CPP_set=
ac_cv_env_CPP_value=
ac_cv_env_LDFLAGS_set=
ac_cv_env_LDFLAGS_value=
ac_cv_env_LIBS_set=
ac_cv_env_LIBS_value=
ac_cv_env_build_alias_set=
ac_cv_env_build_alias_value=
ac_cv_env_host_alias_set=
ac_cv_env_host_alias_value=
ac_cv_env_target_alias_set=
ac_cv_env_target_alias_value=
ac_cv_func_lseek64=yes
ac_cv_func_open64=yes
ac_cv_header_inttypes_h=yes
ac_cv_header_stdbool_h=yes
ac_cv_header_stdint_h=yes
ac_cv_header_stdio_h=yes
ac_cv_header_stdlib_h=yes
ac_cv_header_string_h=yes
ac_cv_header_strings_h=yes
ac_cv_header_sys_stat_h=yes
ac_cv_header_sys_types_h=yes
ac_cv_header_unistd_h=yes
ac_cv_lib_pthread_pthread_mutex_init=yes
ac_cv_lib_winsock_main=no
ac_cv_lib_ws2_32_main=no
ac_cv_objext=o
ac_cv_path_EGREP_TRADITIONAL='/usr/bin/grep -E'
ac_cv_prog_CPP='gcc -E'
ac_cv_prog_ac_ct_AR=ar
ac_cv_prog_ac_ct_CC=gcc
ac_cv_prog_ac_ct_RANLIB=ranlib
ac_cv_prog_cc_c11=
ac_cv_prog_cc_g=yes
ac_cv_prog_cc_stdc=
ac_cv_prog_make_make_set=yes
ac_cv_sizeof_long=4
ac_cv_sizeof_long_long=8
ac_cv_type_intptr_t=yes
ac_cv_type_long_long=yes
ac_cv_type_uintptr_t=yes
tcl_cv_DIR64=no
tcl_cv__time_bits=no
tcl_cv_cast_to_union=yes
tcl_cv_cc_pipe=yes
tcl_cv_cc_visibility_hidden=yes
tcl_cv_flag__file_offset_bits=yes
tcl_cv_flag__isoc99_source=no
tcl_cv_struct_dirent64=no
tcl_cv_struct_stat64=no
tcl_cv_sys_version=Linux-5.15.32-v7l+
tcl_cv_time_t_64=no
tcl_cv_type_64bit='long long'
tcl_cv_type_off64_t=no

## ----------------- ##
## Output variables. ##
## ----------------- ##

AR='ar'
CC='gcc'
CFLAGS=' -pipe ${CFLAGS_DEFAULT} ${CFLAGS_WARNING} ${SHLIB_CFLAGS} '
CFLAGS_DEBUG='-g'
CFLAGS_DEFAULT='-O2 -fomit-frame-pointer -DNDEBUG'
CFLAGS_OPTIMIZE='-O2 -fomit-frame-pointer'
CFLAGS_WARNING='-Wall'
CLEANFILES=''
CPP='gcc -E'
CPPFLAGS=''
CYGPATH='echo'
DEFS='-DPACKAGE_NAME=\"tdbcodbc\" -DPACKAGE_TARNAME=\"tdbcodbc\" -DPACKAGE_VERSION=\"1.1.10\" -DPACKAGE_STRING=\"tdbcodbc\ 1.1.10\" -DPACKAGE_BUGREPORT=\"\" -DPACKAGE_URL=\"\" -DBUILD_tdbcodbc=/\*\*/ -DHAVE_STDIO_H=1 -DHAVE_STDLIB_H=1 -DHAVE_STRING_H=1 -DHAVE_INTTYPES_H=1 -DHAVE_STDINT_H=1 -DHAVE_STRINGS_H=1 -DHAVE_SYS_STAT_H=1 -DHAVE_SYS_TYPES_H=1 -DHAVE_UNISTD_H=1 -DSTDC_HEADERS=1 -DHAVE_LONG_LONG=1 -DSIZEOF_LONG_LONG=8 -DSIZEOF_LONG=4 -DUSE_THREAD_ALLOC=1 -D_REENTRANT=1 -D_THREAD_SAFE=1 -DTCL_THREADS=1 -DUSE_TCL_STUBS=1 -DUSE_TCLOO_STUBS=1 -DMODULE_SCOPE=extern\ __attribute__\(\(__visibility__\(\"hidden\"\)\)\) -DHAVE_HIDDEN=1 -DHAVE_CAST_TO_UNION=1 -DHAVE_STDBOOL_H=1 -D_FILE_OFFSET_BITS=64 -DTCL_WIDE_INT_TYPE=long\ long -DHAVE_OPEN64=1 -DHAVE_LSEEK64=1 -DTCL_CFG_OPTIMIZED=1 -DHAVE_INTPTR_T=1 -DHAVE_UINTPTR_T=1'
ECHO_C=''
ECHO_N='-n'
ECHO_T=''
EXEEXT=''
INSTALL='$(SHELL) $(srcdir)/tclconfig/install-sh -c'
INSTALL_DATA='${INSTALL} -m 644'
INSTALL_DATA_DIR='${INSTALL} -d -m 755'
INSTALL_LIBRARY='${INSTALL} -m 644'
INSTALL_PROGRAM='${INSTALL} -m 755'
INSTALL_SCRIPT='${INSTALL} -m 755'
LDFLAGS=' -Wl,--export-dynamic '
LDFLAGS_DEBUG=''
LDFLAGS_DEFAULT=''
LDFLAGS_OPTIMIZE=''
LD_LIBRARY_PATH_VAR='LD_LIBRARY_PATH'
LIBOBJS=''
LIBS=''
LTLIBOBJS=''
MAKE_LIB='${SHLIB_LD} ${LDFLAGS} ${LDFLAGS_DEFAULT} -o $@ $(PKG_OBJECTS) ${SHLIB_LD_LIBS} '
MAKE_SHARED_LIB='${SHLIB_LD} ${LDFLAGS} ${LDFLAGS_DEFAULT} -o $@ $(PKG_OBJECTS) ${SHLIB_LD_LIBS}'
MAKE_STATIC_LIB='${STLIB_LD} $@ $(PKG_OBJECTS)'
MAKE_STUB_LIB='${STLIB_LD} $@ $(PKG_STUB_OBJECTS)'
OBJEXT='o'
PACKAGE_BUGREPORT=''
PACKAGE_NAME='tdbcodbc'
PACKAGE_STRING='tdbcodbc 1.1.10'
PACKAGE_TARNAME='tdbcodbc'
PACKAGE_URL=''
PACKAGE_VERSION='1.1.10'
PATH_SEPARATOR=':'
PKG_CFLAGS='  '
PKG_HEADERS=' generic/fakesql.h generic/odbcStubs.h'
PKG_INCLUDES=' -I/home/iot25/machenfeng/kank/sq_work/tcl9.0.1/pkgs/tdbc1.1.10/generic'
PKG_LIBS=' -L/home/iot25/machenfeng/kank/sq_work/tcl9.0.1/build/pkgs/tdbc1.1.10 -ltdbcstub -L/home/iot25/machenfeng/kank/sq_work/tcl9.0.1/build/pkgs/tdbc1.1.10 -ltdbcstub'
PKG_LIB_FILE8='libtdbcodbc1.1.10.so'
PKG_LIB_FILE9='libtcl9tdbcodbc1.1.10.so'
PKG_LIB_FILE='libtcl9tdbcodbc1.1.10.so'
PKG_OBJECTS=' tdbcodbc.o odbcStubInit.o'
PKG_SOURCES=' generic/tdbcodbc.c generic/odbcStubInit.c'
PKG_STUB_LIB_FILE='libtdbcodbcstub.a'
PKG_STUB_OBJECTS=''
PKG_STUB_SOURCES=''
PKG_TCL_SOURCES=' library/tdbcodbc.tcl'
RANLIB=':'
RANLIB_STUB='ranlib'
RC=''
SET_MAKE=''
SHARED_BUILD='1'
SHELL='/bin/bash'
SHLIB_CFLAGS='-fPIC'
SHLIB_LD='${CC} ${CFLAGS} ${LDFLAGS_DEFAULT} -shared'
SHLIB_LD_LIBS='${LIBS} -L/home/iot25/machenfeng/kank/sq_work/tcl9.0.1/build -ltclstub'
STLIB_LD='${AR} cr'
STUBS_BUILD='1'
TCLSH_PROG='/home/iot25/machenfeng/kank/sq_work/tcl9.0.1/build/tclsh'
TCL_BIN_DIR='/home/iot25/machenfeng/kank/sq_work/tcl9.0.1/build'
TCL_DEFS='-DPACKAGE_NAME=\"tcl\" -DPACKAGE_TARNAME=\"tcl\" -DPACKAGE_VERSION=\"9.0\" -DPACKAGE_STRING=\"tcl\ 9.0\" -DPACKAGE_BUGREPORT=\"\" -DPACKAGE_URL=\"\" -DHAVE_STDIO_H=1 -DHAVE_STDLIB_H=1 -DHAVE_STRING_H=1 -DHAVE_INTTYPES_H=1 -DHAVE_STDINT_H=1 -DHAVE_STRINGS_H=1 -DHAVE_SYS_STAT_H=1 -DHAVE_SYS_TYPES_H=1 -DHAVE_UNISTD_H=1 -DHAVE_SYS_TIME_H=1 -DSTDC_HEADERS=1 -DHAVE_SYS_PARAM_H=1 -DTCL_CFGVAL_ENCODING=\"utf-8\" -D_REENTRANT=1 -D_THREAD_SAFE=1 -DHAVE_PTHREAD_ATTR_SETSTACKSIZE=1 -DHAVE_PTHREAD_ATFORK=1 -DHAVE_DECL_PTHREAD_MUTEX_RECURSIVE=1 -DMODULE_SCOPE=extern\ __attribute__\(\(__visibility__\(\"hidden\"\)\)\) -DHAVE_HIDDEN=1 -DHAVE_CAST_TO_UNION=1 -DHAVE_STDBOOL_H=1 -DHAVE_VFORK=1 -DHAVE_POSIX_SPAWNP=1 -DHAVE_POSIX_SPAWN_FILE_ACTIONS_ADDDUP2=1 -DHAVE_POSIX_SPAWNATTR_SETFLAGS=1 -DTCL_SHLIB_EXT=\".so\" -DNDEBUG=1 -DTCL_CFG_OPTIMIZED=1 -DMP_PREC=4 -D_FILE_OFFSET_BITS=64 -D_LARGEFILE64_SOURCE=1 -DHAVE_STRUCT_DIRENT64=1 -DHAVE_OPEN64=1 -DHAVE_LSEEK64=1 -DHAVE_TYPE_OFF64_T=1 -DHAVE_GETCWD=1 -DHAVE_MKSTEMP=1 -DHAVE_WAITPID=1 -DHAVE_GETNAMEINFO=1 -DHAVE_GETADDRINFO=1 -DHAVE_FREEADDRINFO=1 -DHAVE_GAI_STRERROR=1 -DHAVE_STRUCT_ADDRINFO=1 -DHAVE_STRUCT_IN6_ADDR=1 -DHAVE_STRUCT_SOCKADDR_IN6=1 -DHAVE_STRUCT_SOCKADDR_STORAGE=1 -DHAVE_GETPWUID_R_5=1 -DHAVE_GETPWUID_R=1 -DHAVE_GETPWNAM_R_5=1 -DHAVE_GETPWNAM_R=1 -DHAVE_GETGRGID_R_5=1 -DHAVE_GETGRGID_R=1 -DHAVE_GETGRNAM_R_5=1 -DHAVE_GETGRNAM_R=1 -DHAVE_DECL_GETHOSTBYNAME_R=1 -DHAVE_GETHOSTBYNAME_R_6=1 -DHAVE_GETHOSTBYNAME_R=1 -DHAVE_DECL_GETHOSTBYADDR_R=1 -DHAVE_GETHOSTBYADDR_R_8=1 -DHAVE_GETHOSTBYADDR_R=1 -DHAVE_TERMIOS_H=1 -DHAVE_SYS_IOCTL_H=1 -DHAVE_PSELECT=1 -DHAVE_SYS_EPOLL_H=1 -DNOTIFIER_EPOLL=1 -DHAVE_SYS_EVENTFD_H=1 -DHAVE_EVENTFD=1 -DHAVE_SYS_TIME_H=1 -DHAVE_GMTIME_R=1 -DHAVE_LOCALTIME_R=1 -DHAVE_TM_GMTOFF=1 -DHAVE_TIMEZONE_VAR=1 -DHAVE_STRUCT_STAT_ST_BLOCKS=1 -DHAVE_STRUCT_STAT_ST_BLKSIZE=1 -DHAVE_STRUCT_STAT_ST_RDEV=1 -DHAVE_BLKCNT_T=1 -DHAVE_INTPTR_T=1 -DHAVE_UINTPTR_T=1 -DNO_UNION_WAIT=1 -D__CHAR_UNSIGNED__=1 -DHAVE_SIGNED_CHAR=1 -DHAVE_LANGINFO=1 -DHAVE_CFMAKERAW=1 -DHAVE_MKSTEMPS=1 -DHAVE_FTS=1 -DHAVE_SYS_IOCTL_H=1 -DTCL_UNLOAD_DLLS=1 -DZIPFS_BUILD=1'
TCL_EXTRA_CFLAGS=' -pipe -finput-charset=UTF-8 '
TCL_INCLUDES='-I"/home/iot25/machenfeng/kank/sq_work/tcl9.0.1/generic"'
TCL_LD_FLAGS=' -Wl,--export-dynamic '
TCL_LIBS='-ldl -lz  -lpthread -lm'
TCL_LIB_FILE='libtcl9.0.so'
TCL_LIB_FLAG='-ltcl9.0'
TCL_LIB_SPEC='-L/home/iot25/machenfeng/kank/sq_work/tcl9.0.1/build -ltcl9.0'
TCL_PATCH_LEVEL='.1'
TCL_SHLIB_LD_LIBS='${LIBS}'
TCL_SRC_DIR='/home/iot25/machenfeng/kank/sq_work/tcl9.0.1'
TCL_STUB_LIB_FILE='libtclstub.a'
TCL_STUB_LIB_FLAG='-ltclstub'
TCL_STUB_LIB_SPEC='-L/home/iot25/machenfeng/kank/sq_work/tcl9.0.1/build -ltclstub'
TCL_THREADS='1'
TCL_VERSION='9.0'
TCL_VERSION_REQ='8.6'
TDBC_LIB_FILE='libtcl9tdbc1.1.10.so'
TDBC_VERSION='1.1.10'
VC_MANIFEST_EMBED_DLL=''
VC_MANIFEST_EMBED_EXE=''
ac_ct_CC='gcc'
bindir='${exec_prefix}/bin'
build_alias=''
datadir='${datarootdir}'
datarootdir='${prefix}/share'
docdir='${datarootdir}/doc/${PACKAGE_TARNAME}'
dvidir='${docdir}'
exec_prefix='/home/iot25/machenfeng/kank/sq_work/tcl9.0.1/build'
host_alias=''
htmldir='${docdir}'
includedir='${prefix}/include'
infodir='${datarootdir}/info'
libdir='/home/iot25/machenfeng/kank/sq_work/tcl9.0.1/build/lib'
libexecdir='${exec_prefix}/libexec'
localedir='${datarootdir}/locale'
localstatedir='${prefix}/var'
mandir='${datarootdir}/man'
oldincludedir='/usr/include'
pdfdir='${docdir}'
prefix='/home/iot25/machenfeng/kank/sq_work/tcl9.0.1/build'
program_transform_name='s,x,x,'
psdir='${docdir}'
runstatedir='${localstatedir}/run'
sbindir='${exec_prefix}/sbin'
sharedstatedir='${prefix}/com'
sysconfdir='${prefix}/etc'
target_alias=''
tdbc_BIN_DIR='/home/iot25/machenfeng/kank/sq_work/tcl9.0.1/build/pkgs/tdbc1.1.10'
tdbc_LIBRARY_PATH='/home/iot25/machenfeng/kank/sq_work/tcl9.0.1/pkgs/tdbc1.1.10/library'
tdbc_LIB_FILE='libtcl9tdbc1.1.10.so'
tdbc_LIB_SPEC='-L/home/iot25/machenfeng/kank/sq_work/tcl9.0.1/build/pkgs/tdbc1.1.10 -ltdbc1.1.10'
tdbc_SRC_DIR='/home/iot25/machenfeng/kank/sq_work/tcl9.0.1/pkgs/tdbc1.1.10'
tdbc_STUB_LIB_FILE='libtdbcstub.a'
tdbc_STUB_LIB_PATH='/home/iot25/machenfeng/kank/sq_work/tcl9.0.1/build/pkgs/tdbc1.1.10/libtdbcstub.a'
tdbc_STUB_LIB_SPEC='-L/home/iot25/machenfeng/kank/sq_work/tcl9.0.1/build/pkgs/tdbc1.1.10 -ltdbcstub'
tdbc_VERSION='1.1.10'

## ----------- ##
## confdefs.h. ##
## ----------- ##

/* confdefs.h */
#define PACKAGE_NAME "tdbcodbc"
#define PACKAGE_TARNAME "tdbcodbc"
#define PACKAGE_VERSION "1.1.10"
#define PACKAGE_STRING "tdbcodbc 1.1.10"
#define PACKAGE_BUGREPORT ""
#define PACKAGE_URL ""
#define BUILD_tdbcodbc /**/
#define HAVE_STDIO_H 1
#define HAVE_STDLIB_H 1
#define HAVE_STRING_H 1
#define HAVE_INTTYPES_H 1
#define HAVE_STDINT_H 1
#define HAVE_STRINGS_H 1
#define HAVE_SYS_STAT_H 1
#define HAVE_SYS_TYPES_H 1
#define HAVE_UNISTD_H 1
#define STDC_HEADERS 1
#define HAVE_LONG_LONG 1
#define SIZEOF_LONG_LONG 8
#define SIZEOF_LONG 4
#define USE_THREAD_ALLOC 1
#define _REENTRANT 1
#define _THREAD_SAFE 1
#define TCL_THREADS 1
#define USE_TCL_STUBS 1
#define USE_TCLOO_STUBS 1
#define MODULE_SCOPE extern __attribute__((__visibility__("hidden")))
#define HAVE_HIDDEN 1
#define HAVE_CAST_TO_UNION 1
#define HAVE_STDBOOL_H 1
#define _FILE_OFFSET_BITS 64
#define TCL_WIDE_INT_TYPE long long
#define HAVE_OPEN64 1
#define HAVE_LSEEK64 1
#define TCL_CFG_OPTIMIZED 1
#define HAVE_INTPTR_T 1
#define HAVE_UINTPTR_T 1

configure: exit 0
