This file contains any messages produced by compilers while
running configure, to aid debugging if configure makes a mistake.

It was created by tdbc configure 1.1.10, which was
generated by GNU Autoconf 2.72.  Invocation command line was

  $ /home/iot25/machenfeng/kank/sq_work/tcl9.0.1/pkgs/tdbc1.1.10/configure --with-tcl=../.. --with-tclinclude=/home/iot25/machenfeng/kank/sq_work/tcl9.0.1/generic --prefix=/home/iot25/machenfeng/kank/sq_work/tcl9.0.1/build --libdir=/home/iot25/machenfeng/kank/sq_work/tcl9.0.1/build/lib --enable-shared

## --------- ##
## Platform. ##
## --------- ##

hostname = Raspberrypi4B
uname -m = armv7l
uname -r = 5.15.32-v7l+
uname -s = Linux
uname -v = #1538 SMP Thu Mar 31 19:39:41 BST 2022

/usr/bin/uname -p = unknown
/bin/uname -X     = unknown

/bin/arch              = armv7l
/usr/bin/arch -k       = unknown
/usr/convex/getsysinfo = unknown
/usr/bin/hostinfo      = unknown
/bin/machine           = unknown
/usr/bin/oslevel       = unknown
/bin/universe          = unknown

PATH: /usr/local/sbin/
PATH: /usr/local/bin/
PATH: /usr/sbin/
PATH: /usr/bin/
PATH: /sbin/
PATH: /bin/
PATH: /usr/local/games/
PATH: /usr/games/
PATH: /home/iot25/machenfeng/kank/temperature_client/sq_work/bin/
PATH: /home/iot25/machenfeng/kank/temperature_client/tcl9.0.1/build/


## ----------- ##
## Core tests. ##
## ----------- ##

configure:2506: checking TEA configuration
configure:2512: result: ok (TEA 3.13)
configure:2599: configuring tdbc 1.1.10
configure:2629: checking system version
configure:2657: result: Linux-5.15.32-v7l+
configure:2706: checking for Tcl configuration
configure:2846: result: found /home/iot25/machenfeng/kank/sq_work/tcl9.0.1/build/tclConfig.sh
configure:2914: checking for gcc
configure:2935: found /usr/bin/gcc
configure:2947: result: gcc
configure:3306: checking for C compiler version
configure:3315: gcc --version >&5
gcc (Raspbian 10.2.1-6+rpi1) 10.2.1 20210110
Copyright (C) 2020 Free Software Foundation, Inc.
This is free software; see the source for copying conditions.  There is NO
warranty; not even for MERCHANTABILITY or FITNESS FOR A PARTICULAR PURPOSE.

configure:3326: $? = 0
configure:3315: gcc -v >&5
Using built-in specs.
COLLECT_GCC=gcc
COLLECT_LTO_WRAPPER=/usr/lib/gcc/arm-linux-gnueabihf/10/lto-wrapper
Target: arm-linux-gnueabihf
Configured with: ../src/configure -v --with-pkgversion='Raspbian 10.2.1-6+rpi1' --with-bugurl=file:///usr/share/doc/gcc-10/README.Bugs --enable-languages=c,ada,c++,go,d,fortran,objc,obj-c++,m2 --prefix=/usr --with-gcc-major-version-only --program-suffix=-10 --program-prefix=arm-linux-gnueabihf- --enable-shared --enable-linker-build-id --libexecdir=/usr/lib --without-included-gettext --enable-threads=posix --libdir=/usr/lib --enable-nls --enable-bootstrap --enable-clocale=gnu --enable-libstdcxx-debug --enable-libstdcxx-time=yes --with-default-libstdcxx-abi=new --enable-gnu-unique-object --disable-libitm --disable-libquadmath --disable-libquadmath-support --enable-plugin --with-system-zlib --enable-libphobos-checking=release --with-target-system-zlib=auto --enable-objc-gc=auto --enable-multiarch --disable-sjlj-exceptions --with-arch=armv6 --with-fpu=vfp --with-float=hard --disable-werror --enable-checking=release --build=arm-linux-gnueabihf --host=arm-linux-gnueabihf --target=arm-linux-gnueabihf
Thread model: posix
Supported LTO compression algorithms: zlib zstd
gcc version 10.2.1 20210110 (Raspbian 10.2.1-6+rpi1) 
configure:3326: $? = 0
configure:3315: gcc -V >&5
gcc: error: unrecognized command-line option '-V'
gcc: fatal error: no input files
compilation terminated.
configure:3326: $? = 1
configure:3315: gcc -qversion >&5
gcc: error: unrecognized command-line option '-qversion'; did you mean '--version'?
gcc: fatal error: no input files
compilation terminated.
configure:3326: $? = 1
configure:3315: gcc -version >&5
gcc: error: unrecognized command-line option '-version'
gcc: fatal error: no input files
compilation terminated.
configure:3326: $? = 1
configure:3346: checking whether the C compiler works
configure:3368: gcc    conftest.c  >&5
configure:3372: $? = 0
configure:3423: result: yes
configure:3427: checking for C compiler default output file name
configure:3429: result: a.out
configure:3435: checking for suffix of executables
configure:3442: gcc -o conftest    conftest.c  >&5
configure:3446: $? = 0
configure:3470: result: 
configure:3494: checking whether we are cross compiling
configure:3502: gcc -o conftest    conftest.c  >&5
configure:3506: $? = 0
configure:3513: ./conftest
configure:3517: $? = 0
configure:3532: result: no
configure:3538: checking for suffix of object files
configure:3561: gcc -c   conftest.c >&5
configure:3565: $? = 0
configure:3589: result: o
configure:3593: checking whether the compiler supports GNU C
configure:3613: gcc -c   conftest.c >&5
configure:3613: $? = 0
configure:3625: result: yes
configure:3636: checking whether gcc accepts -g
configure:3657: gcc -c -g  conftest.c >&5
configure:3657: $? = 0
configure:3704: result: yes
configure:3724: checking for gcc option to enable C11 features
configure:3739: gcc  -c   conftest.c >&5
configure:3739: $? = 0
configure:3758: result: none needed
configure:3878: checking for existence of /home/iot25/machenfeng/kank/sq_work/tcl9.0.1/build/tclConfig.sh
configure:3882: result: loading
configure:3936: checking platform
configure:3954: gcc -c   conftest.c >&5
configure:3954: $? = 0
configure:4013: result: unix
configure:4342: --exec-prefix defaulting to TCL_EXEC_PREFIX /home/iot25/machenfeng/kank/sq_work/tcl9.0.1/build
configure:4418: checking for gcc
configure:4451: result: gcc
configure:4810: checking for C compiler version
configure:4819: gcc --version >&5
gcc (Raspbian 10.2.1-6+rpi1) 10.2.1 20210110
Copyright (C) 2020 Free Software Foundation, Inc.
This is free software; see the source for copying conditions.  There is NO
warranty; not even for MERCHANTABILITY or FITNESS FOR A PARTICULAR PURPOSE.

configure:4830: $? = 0
configure:4819: gcc -v >&5
Using built-in specs.
COLLECT_GCC=gcc
COLLECT_LTO_WRAPPER=/usr/lib/gcc/arm-linux-gnueabihf/10/lto-wrapper
Target: arm-linux-gnueabihf
Configured with: ../src/configure -v --with-pkgversion='Raspbian 10.2.1-6+rpi1' --with-bugurl=file:///usr/share/doc/gcc-10/README.Bugs --enable-languages=c,ada,c++,go,d,fortran,objc,obj-c++,m2 --prefix=/usr --with-gcc-major-version-only --program-suffix=-10 --program-prefix=arm-linux-gnueabihf- --enable-shared --enable-linker-build-id --libexecdir=/usr/lib --without-included-gettext --enable-threads=posix --libdir=/usr/lib --enable-nls --enable-bootstrap --enable-clocale=gnu --enable-libstdcxx-debug --enable-libstdcxx-time=yes --with-default-libstdcxx-abi=new --enable-gnu-unique-object --disable-libitm --disable-libquadmath --disable-libquadmath-support --enable-plugin --with-system-zlib --enable-libphobos-checking=release --with-target-system-zlib=auto --enable-objc-gc=auto --enable-multiarch --disable-sjlj-exceptions --with-arch=armv6 --with-fpu=vfp --with-float=hard --disable-werror --enable-checking=release --build=arm-linux-gnueabihf --host=arm-linux-gnueabihf --target=arm-linux-gnueabihf
Thread model: posix
Supported LTO compression algorithms: zlib zstd
gcc version 10.2.1 20210110 (Raspbian 10.2.1-6+rpi1) 
configure:4830: $? = 0
configure:4819: gcc -V >&5
gcc: error: unrecognized command-line option '-V'
gcc: fatal error: no input files
compilation terminated.
configure:4830: $? = 1
configure:4819: gcc -qversion >&5
gcc: error: unrecognized command-line option '-qversion'; did you mean '--version'?
gcc: fatal error: no input files
compilation terminated.
configure:4830: $? = 1
configure:4819: gcc -version >&5
gcc: error: unrecognized command-line option '-version'
gcc: fatal error: no input files
compilation terminated.
configure:4830: $? = 1
configure:4834: checking whether the compiler supports GNU C
configure:4866: result: yes
configure:4877: checking whether gcc accepts -g
configure:4945: result: yes
configure:4965: checking for gcc option to enable C11 features
configure:4999: result: none needed
configure:5122: checking how to run the C preprocessor
configure:5148: gcc -E  conftest.c
configure:5148: $? = 0
configure:5164: gcc -E  conftest.c
conftest.c:10:10: fatal error: ac_nonexistent.h: No such file or directory
   10 | #include <ac_nonexistent.h>
      |          ^~~~~~~~~~~~~~~~~~
compilation terminated.
configure:5164: $? = 1
configure: failed program was:
| /* confdefs.h */
| #define PACKAGE_NAME "tdbc"
| #define PACKAGE_TARNAME "tdbc"
| #define PACKAGE_VERSION "1.1.10"
| #define PACKAGE_STRING "tdbc 1.1.10"
| #define PACKAGE_BUGREPORT ""
| #define PACKAGE_URL ""
| #define BUILD_tdbc /**/
| /* end confdefs.h.  */
| #include <ac_nonexistent.h>
configure:5193: result: gcc -E
configure:5207: gcc -E  conftest.c
configure:5207: $? = 0
configure:5223: gcc -E  conftest.c
conftest.c:10:10: fatal error: ac_nonexistent.h: No such file or directory
   10 | #include <ac_nonexistent.h>
      |          ^~~~~~~~~~~~~~~~~~
compilation terminated.
configure:5223: $? = 1
configure: failed program was:
| /* confdefs.h */
| #define PACKAGE_NAME "tdbc"
| #define PACKAGE_TARNAME "tdbc"
| #define PACKAGE_VERSION "1.1.10"
| #define PACKAGE_STRING "tdbc 1.1.10"
| #define PACKAGE_BUGREPORT ""
| #define PACKAGE_URL ""
| #define BUILD_tdbc /**/
| /* end confdefs.h.  */
| #include <ac_nonexistent.h>
configure:5260: checking whether make sets $(MAKE)
configure:5284: result: yes
configure:5347: checking for ranlib
configure:5368: found /usr/bin/ranlib
configure:5380: result: ranlib
configure:5414: checking for stdio.h
configure:5414: gcc -c   conftest.c >&5
configure:5414: $? = 0
configure:5414: result: yes
configure:5414: checking for stdlib.h
configure:5414: gcc -c   conftest.c >&5
configure:5414: $? = 0
configure:5414: result: yes
configure:5414: checking for string.h
configure:5414: gcc -c   conftest.c >&5
configure:5414: $? = 0
configure:5414: result: yes
configure:5414: checking for inttypes.h
configure:5414: gcc -c   conftest.c >&5
configure:5414: $? = 0
configure:5414: result: yes
configure:5414: checking for stdint.h
configure:5414: gcc -c   conftest.c >&5
configure:5414: $? = 0
configure:5414: result: yes
configure:5414: checking for strings.h
configure:5414: gcc -c   conftest.c >&5
configure:5414: $? = 0
configure:5414: result: yes
configure:5414: checking for sys/stat.h
configure:5414: gcc -c   conftest.c >&5
configure:5414: $? = 0
configure:5414: result: yes
configure:5414: checking for sys/types.h
configure:5414: gcc -c   conftest.c >&5
configure:5414: $? = 0
configure:5414: result: yes
configure:5414: checking for unistd.h
configure:5414: gcc -c   conftest.c >&5
configure:5414: $? = 0
configure:5414: result: yes
configure:5449: checking if the compiler understands -pipe
configure:5468: gcc -c  -pipe  conftest.c >&5
configure:5468: $? = 0
configure:5479: result: yes
configure:5496: checking whether byte ordering is bigendian
configure:5512: gcc -c  -pipe  conftest.c >&5
conftest.c:21:9: error: unknown type name 'not'
   21 |         not a universal capable compiler
      |         ^~~
conftest.c:21:15: error: expected '=', ',', ';', 'asm' or '__attribute__' before 'universal'
   21 |         not a universal capable compiler
      |               ^~~~~~~~~
conftest.c:21:15: error: unknown type name 'universal'
configure:5512: $? = 1
configure: failed program was:
| /* confdefs.h */
| #define PACKAGE_NAME "tdbc"
| #define PACKAGE_TARNAME "tdbc"
| #define PACKAGE_VERSION "1.1.10"
| #define PACKAGE_STRING "tdbc 1.1.10"
| #define PACKAGE_BUGREPORT ""
| #define PACKAGE_URL ""
| #define BUILD_tdbc /**/
| #define HAVE_STDIO_H 1
| #define HAVE_STDLIB_H 1
| #define HAVE_STRING_H 1
| #define HAVE_INTTYPES_H 1
| #define HAVE_STDINT_H 1
| #define HAVE_STRINGS_H 1
| #define HAVE_SYS_STAT_H 1
| #define HAVE_SYS_TYPES_H 1
| #define HAVE_UNISTD_H 1
| #define STDC_HEADERS 1
| /* end confdefs.h.  */
| #ifndef __APPLE_CC__
| 	       not a universal capable compiler
| 	     #endif
| 	     typedef int dummy;
| 
configure:5558: gcc -c  -pipe  conftest.c >&5
configure:5558: $? = 0
configure:5577: gcc -c  -pipe  conftest.c >&5
conftest.c: In function 'main':
conftest.c:27:4: error: unknown type name 'not'; did you mean 'ino_t'?
   27 |    not big endian
      |    ^~~
      |    ino_t
conftest.c:27:12: error: expected '=', ',', ';', 'asm' or '__attribute__' before 'endian'
   27 |    not big endian
      |            ^~~~~~
configure:5577: $? = 1
configure: failed program was:
| /* confdefs.h */
| #define PACKAGE_NAME "tdbc"
| #define PACKAGE_TARNAME "tdbc"
| #define PACKAGE_VERSION "1.1.10"
| #define PACKAGE_STRING "tdbc 1.1.10"
| #define PACKAGE_BUGREPORT ""
| #define PACKAGE_URL ""
| #define BUILD_tdbc /**/
| #define HAVE_STDIO_H 1
| #define HAVE_STDLIB_H 1
| #define HAVE_STRING_H 1
| #define HAVE_INTTYPES_H 1
| #define HAVE_STDINT_H 1
| #define HAVE_STRINGS_H 1
| #define HAVE_SYS_STAT_H 1
| #define HAVE_SYS_TYPES_H 1
| #define HAVE_UNISTD_H 1
| #define STDC_HEADERS 1
| /* end confdefs.h.  */
| #include <sys/types.h>
| 		#include <sys/param.h>
| 
| int
| main (void)
| {
| #if BYTE_ORDER != BIG_ENDIAN
| 		 not big endian
| 		#endif
| 
|   ;
|   return 0;
| }
configure:5718: result: no
configure:5740: checking for inline
configure:5757: gcc -c  -pipe  conftest.c >&5
configure:5757: $? = 0
configure:5767: result: inline
configure:5939: checking for Tcl public headers
configure:6013: result: /home/iot25/machenfeng/kank/sq_work/tcl9.0.1/generic
configure:6076: checking for pthread_mutex_init in -lpthread
configure:6105: gcc -o conftest  -pipe   conftest.c -lpthread   >&5
configure:6105: $? = 0
configure:6117: result: yes
configure:6364: checking for building with threads
configure:6370: result: yes (default)
configure:6399: checking how to build libraries
configure:6437: result: shared
configure:6527: checking for ranlib
configure:6560: result: ranlib
configure:6587: checking if 64bit support is requested
configure:6598: result: no
configure:6603: checking if 64bit Sparc VIS support is requested
configure:6614: result: no
configure:6625: checking if compiler supports visibility "hidden"
configure:6646: gcc -o conftest  -pipe -Werror   conftest.c  >&5
configure:6646: $? = 0
configure:6658: result: yes
configure:6674: checking if rpath support is requested
configure:6685: result: yes
configure:6692: checking system version
configure:6720: result: Linux-5.15.32-v7l+
configure:6808: checking for ar
configure:6829: found /usr/bin/ar
configure:6841: result: ar
configure:8616: checking for cast to union support
configure:8636: gcc -c  -pipe  conftest.c >&5
configure:8636: $? = 0
configure:8647: result: yes
configure:8655: checking for stdbool.h
configure:8655: gcc -c  -pipe  conftest.c >&5
configure:8655: $? = 0
configure:8655: result: yes
configure:8681: checking for required early compiler flags
configure:8700: gcc -c  -pipe  conftest.c >&5
configure:8700: $? = 0
configure:8754: gcc -c  -pipe  conftest.c >&5
conftest.c: In function 'main':
conftest.c:34:22: error: duplicate case value
   34 | switch (0) { case 0: case (sizeof(off_t)==sizeof(long long)): ; }
      |                      ^~~~
conftest.c:34:14: note: previously used here
   34 | switch (0) { case 0: case (sizeof(off_t)==sizeof(long long)): ; }
      |              ^~~~
configure:8754: $? = 1
configure: failed program was:
| /* confdefs.h */
| #define PACKAGE_NAME "tdbc"
| #define PACKAGE_TARNAME "tdbc"
| #define PACKAGE_VERSION "1.1.10"
| #define PACKAGE_STRING "tdbc 1.1.10"
| #define PACKAGE_BUGREPORT ""
| #define PACKAGE_URL ""
| #define BUILD_tdbc /**/
| #define HAVE_STDIO_H 1
| #define HAVE_STDLIB_H 1
| #define HAVE_STRING_H 1
| #define HAVE_INTTYPES_H 1
| #define HAVE_STDINT_H 1
| #define HAVE_STRINGS_H 1
| #define HAVE_SYS_STAT_H 1
| #define HAVE_SYS_TYPES_H 1
| #define HAVE_UNISTD_H 1
| #define STDC_HEADERS 1
| #define USE_THREAD_ALLOC 1
| #define _REENTRANT 1
| #define _THREAD_SAFE 1
| #define TCL_THREADS 1
| #define USE_TCL_STUBS 1
| #define USE_TCLOO_STUBS 1
| #define MODULE_SCOPE extern __attribute__((__visibility__("hidden")))
| #define HAVE_HIDDEN 1
| #define HAVE_CAST_TO_UNION 1
| #define HAVE_STDBOOL_H 1
| /* end confdefs.h.  */
| #include <sys/stat.h>
| int
| main (void)
| {
| switch (0) { case 0: case (sizeof(off_t)==sizeof(long long)): ; }
|   ;
|   return 0;
| }
configure:8770: gcc -c  -pipe  conftest.c >&5
configure:8770: $? = 0
configure:8796: result:  _FILE_OFFSET_BITS
configure:8801: checking for 64-bit integer type
configure:8821: gcc -c  -pipe  conftest.c >&5
conftest.c: In function 'main':
conftest.c:35:1: error: unknown type name '__int64'
   35 | __int64 value = (__int64) 0;
      | ^~~~~~~
conftest.c:35:18: error: '__int64' undeclared (first use in this function)
   35 | __int64 value = (__int64) 0;
      |                  ^~~~~~~
conftest.c:35:18: note: each undeclared identifier is reported only once for each function it appears in
conftest.c:35:27: error: expected ',' or ';' before numeric constant
   35 | __int64 value = (__int64) 0;
      |                           ^
configure:8821: $? = 1
configure: failed program was:
| /* confdefs.h */
| #define PACKAGE_NAME "tdbc"
| #define PACKAGE_TARNAME "tdbc"
| #define PACKAGE_VERSION "1.1.10"
| #define PACKAGE_STRING "tdbc 1.1.10"
| #define PACKAGE_BUGREPORT ""
| #define PACKAGE_URL ""
| #define BUILD_tdbc /**/
| #define HAVE_STDIO_H 1
| #define HAVE_STDLIB_H 1
| #define HAVE_STRING_H 1
| #define HAVE_INTTYPES_H 1
| #define HAVE_STDINT_H 1
| #define HAVE_STRINGS_H 1
| #define HAVE_SYS_STAT_H 1
| #define HAVE_SYS_TYPES_H 1
| #define HAVE_UNISTD_H 1
| #define STDC_HEADERS 1
| #define USE_THREAD_ALLOC 1
| #define _REENTRANT 1
| #define _THREAD_SAFE 1
| #define TCL_THREADS 1
| #define USE_TCL_STUBS 1
| #define USE_TCLOO_STUBS 1
| #define MODULE_SCOPE extern __attribute__((__visibility__("hidden")))
| #define HAVE_HIDDEN 1
| #define HAVE_CAST_TO_UNION 1
| #define HAVE_STDBOOL_H 1
| #define _FILE_OFFSET_BITS 64
| /* end confdefs.h.  */
| 
| int
| main (void)
| {
| __int64 value = (__int64) 0;
|   ;
|   return 0;
| }
configure:8845: gcc -c  -pipe  conftest.c >&5
configure:8845: $? = 0
configure:8869: result: long long
configure:8874: checking for 64-bit time_t
configure:8892: gcc -c  -pipe  conftest.c >&5
conftest.c: In function 'main':
conftest.c:36:21: error: duplicate case value
   36 | switch (0) {case 0: case (sizeof(time_t)==sizeof(long long)): ;}
      |                     ^~~~
conftest.c:36:13: note: previously used here
   36 | switch (0) {case 0: case (sizeof(time_t)==sizeof(long long)): ;}
      |             ^~~~
configure:8892: $? = 1
configure: failed program was:
| /* confdefs.h */
| #define PACKAGE_NAME "tdbc"
| #define PACKAGE_TARNAME "tdbc"
| #define PACKAGE_VERSION "1.1.10"
| #define PACKAGE_STRING "tdbc 1.1.10"
| #define PACKAGE_BUGREPORT ""
| #define PACKAGE_URL ""
| #define BUILD_tdbc /**/
| #define HAVE_STDIO_H 1
| #define HAVE_STDLIB_H 1
| #define HAVE_STRING_H 1
| #define HAVE_INTTYPES_H 1
| #define HAVE_STDINT_H 1
| #define HAVE_STRINGS_H 1
| #define HAVE_SYS_STAT_H 1
| #define HAVE_SYS_TYPES_H 1
| #define HAVE_UNISTD_H 1
| #define STDC_HEADERS 1
| #define USE_THREAD_ALLOC 1
| #define _REENTRANT 1
| #define _THREAD_SAFE 1
| #define TCL_THREADS 1
| #define USE_TCL_STUBS 1
| #define USE_TCLOO_STUBS 1
| #define MODULE_SCOPE extern __attribute__((__visibility__("hidden")))
| #define HAVE_HIDDEN 1
| #define HAVE_CAST_TO_UNION 1
| #define HAVE_STDBOOL_H 1
| #define _FILE_OFFSET_BITS 64
| #define TCL_WIDE_INT_TYPE long long
| /* end confdefs.h.  */
| #include <sys/types.h>
| int
| main (void)
| {
| switch (0) {case 0: case (sizeof(time_t)==sizeof(long long)): ;}
|   ;
|   return 0;
| }
configure:8902: result: no
configure:8907: checking if _TIME_BITS=64 enables 64-bit time_t
configure:8926: gcc -c  -pipe  conftest.c >&5
conftest.c: In function 'main':
conftest.c:37:21: error: duplicate case value
   37 | switch (0) {case 0: case (sizeof(time_t)==sizeof(long long)): ;}
      |                     ^~~~
conftest.c:37:13: note: previously used here
   37 | switch (0) {case 0: case (sizeof(time_t)==sizeof(long long)): ;}
      |             ^~~~
configure:8926: $? = 1
configure: failed program was:
| /* confdefs.h */
| #define PACKAGE_NAME "tdbc"
| #define PACKAGE_TARNAME "tdbc"
| #define PACKAGE_VERSION "1.1.10"
| #define PACKAGE_STRING "tdbc 1.1.10"
| #define PACKAGE_BUGREPORT ""
| #define PACKAGE_URL ""
| #define BUILD_tdbc /**/
| #define HAVE_STDIO_H 1
| #define HAVE_STDLIB_H 1
| #define HAVE_STRING_H 1
| #define HAVE_INTTYPES_H 1
| #define HAVE_STDINT_H 1
| #define HAVE_STRINGS_H 1
| #define HAVE_SYS_STAT_H 1
| #define HAVE_SYS_TYPES_H 1
| #define HAVE_UNISTD_H 1
| #define STDC_HEADERS 1
| #define USE_THREAD_ALLOC 1
| #define _REENTRANT 1
| #define _THREAD_SAFE 1
| #define TCL_THREADS 1
| #define USE_TCL_STUBS 1
| #define USE_TCLOO_STUBS 1
| #define MODULE_SCOPE extern __attribute__((__visibility__("hidden")))
| #define HAVE_HIDDEN 1
| #define HAVE_CAST_TO_UNION 1
| #define HAVE_STDBOOL_H 1
| #define _FILE_OFFSET_BITS 64
| #define TCL_WIDE_INT_TYPE long long
| /* end confdefs.h.  */
| #define _TIME_BITS 64
| #include <sys/types.h>
| int
| main (void)
| {
| switch (0) {case 0: case (sizeof(time_t)==sizeof(long long)): ;}
|   ;
|   return 0;
| }
configure:8936: result: no
configure:8946: checking for struct dirent64
configure:8965: gcc -c  -pipe  conftest.c >&5
conftest.c: In function 'main':
conftest.c:37:17: error: storage size of 'p' isn't known
   37 | struct dirent64 p;
      |                 ^
configure:8965: $? = 1
configure: failed program was:
| /* confdefs.h */
| #define PACKAGE_NAME "tdbc"
| #define PACKAGE_TARNAME "tdbc"
| #define PACKAGE_VERSION "1.1.10"
| #define PACKAGE_STRING "tdbc 1.1.10"
| #define PACKAGE_BUGREPORT ""
| #define PACKAGE_URL ""
| #define BUILD_tdbc /**/
| #define HAVE_STDIO_H 1
| #define HAVE_STDLIB_H 1
| #define HAVE_STRING_H 1
| #define HAVE_INTTYPES_H 1
| #define HAVE_STDINT_H 1
| #define HAVE_STRINGS_H 1
| #define HAVE_SYS_STAT_H 1
| #define HAVE_SYS_TYPES_H 1
| #define HAVE_UNISTD_H 1
| #define STDC_HEADERS 1
| #define USE_THREAD_ALLOC 1
| #define _REENTRANT 1
| #define _THREAD_SAFE 1
| #define TCL_THREADS 1
| #define USE_TCL_STUBS 1
| #define USE_TCLOO_STUBS 1
| #define MODULE_SCOPE extern __attribute__((__visibility__("hidden")))
| #define HAVE_HIDDEN 1
| #define HAVE_CAST_TO_UNION 1
| #define HAVE_STDBOOL_H 1
| #define _FILE_OFFSET_BITS 64
| #define TCL_WIDE_INT_TYPE long long
| /* end confdefs.h.  */
| #include <sys/types.h>
| #include <dirent.h>
| int
| main (void)
| {
| struct dirent64 p;
|   ;
|   return 0;
| }
configure:8975: result: no
configure:8983: checking for DIR64
configure:9003: gcc -c  -pipe  conftest.c >&5
conftest.c: In function 'main':
conftest.c:37:21: error: unknown type name 'DIR64'; did you mean 'DIR'?
   37 | struct dirent64 *p; DIR64 d = opendir64(".");
      |                     ^~~~~
      |                     DIR
conftest.c:37:31: warning: implicit declaration of function 'opendir64'; did you mean 'opendir'? [-Wimplicit-function-declaration]
   37 | struct dirent64 *p; DIR64 d = opendir64(".");
      |                               ^~~~~~~~~
      |                               opendir
conftest.c:38:10: warning: implicit declaration of function 'readdir64'; did you mean 'readdir_r'? [-Wimplicit-function-declaration]
   38 |      p = readdir64(d); rewinddir64(d); closedir64(d);
      |          ^~~~~~~~~
      |          readdir_r
conftest.c:38:8: warning: assignment to 'struct dirent64 *' from 'int' makes pointer from integer without a cast [-Wint-conversion]
   38 |      p = readdir64(d); rewinddir64(d); closedir64(d);
      |        ^
conftest.c:38:24: warning: implicit declaration of function 'rewinddir64'; did you mean 'rewinddir'? [-Wimplicit-function-declaration]
   38 |      p = readdir64(d); rewinddir64(d); closedir64(d);
      |                        ^~~~~~~~~~~
      |                        rewinddir
conftest.c:38:40: warning: implicit declaration of function 'closedir64'; did you mean 'closedir'? [-Wimplicit-function-declaration]
   38 |      p = readdir64(d); rewinddir64(d); closedir64(d);
      |                                        ^~~~~~~~~~
      |                                        closedir
configure:9003: $? = 1
configure: failed program was:
| /* confdefs.h */
| #define PACKAGE_NAME "tdbc"
| #define PACKAGE_TARNAME "tdbc"
| #define PACKAGE_VERSION "1.1.10"
| #define PACKAGE_STRING "tdbc 1.1.10"
| #define PACKAGE_BUGREPORT ""
| #define PACKAGE_URL ""
| #define BUILD_tdbc /**/
| #define HAVE_STDIO_H 1
| #define HAVE_STDLIB_H 1
| #define HAVE_STRING_H 1
| #define HAVE_INTTYPES_H 1
| #define HAVE_STDINT_H 1
| #define HAVE_STRINGS_H 1
| #define HAVE_SYS_STAT_H 1
| #define HAVE_SYS_TYPES_H 1
| #define HAVE_UNISTD_H 1
| #define STDC_HEADERS 1
| #define USE_THREAD_ALLOC 1
| #define _REENTRANT 1
| #define _THREAD_SAFE 1
| #define TCL_THREADS 1
| #define USE_TCL_STUBS 1
| #define USE_TCLOO_STUBS 1
| #define MODULE_SCOPE extern __attribute__((__visibility__("hidden")))
| #define HAVE_HIDDEN 1
| #define HAVE_CAST_TO_UNION 1
| #define HAVE_STDBOOL_H 1
| #define _FILE_OFFSET_BITS 64
| #define TCL_WIDE_INT_TYPE long long
| /* end confdefs.h.  */
| #include <sys/types.h>
| #include <dirent.h>
| int
| main (void)
| {
| struct dirent64 *p; DIR64 d = opendir64(".");
| 	    p = readdir64(d); rewinddir64(d); closedir64(d);
|   ;
|   return 0;
| }
configure:9013: result: no
configure:9021: checking for struct stat64
configure:9040: gcc -c  -pipe  conftest.c >&5
conftest.c: In function 'main':
conftest.c:36:15: error: storage size of 'p' isn't known
   36 | struct stat64 p;
      |               ^
configure:9040: $? = 1
configure: failed program was:
| /* confdefs.h */
| #define PACKAGE_NAME "tdbc"
| #define PACKAGE_TARNAME "tdbc"
| #define PACKAGE_VERSION "1.1.10"
| #define PACKAGE_STRING "tdbc 1.1.10"
| #define PACKAGE_BUGREPORT ""
| #define PACKAGE_URL ""
| #define BUILD_tdbc /**/
| #define HAVE_STDIO_H 1
| #define HAVE_STDLIB_H 1
| #define HAVE_STRING_H 1
| #define HAVE_INTTYPES_H 1
| #define HAVE_STDINT_H 1
| #define HAVE_STRINGS_H 1
| #define HAVE_SYS_STAT_H 1
| #define HAVE_SYS_TYPES_H 1
| #define HAVE_UNISTD_H 1
| #define STDC_HEADERS 1
| #define USE_THREAD_ALLOC 1
| #define _REENTRANT 1
| #define _THREAD_SAFE 1
| #define TCL_THREADS 1
| #define USE_TCL_STUBS 1
| #define USE_TCLOO_STUBS 1
| #define MODULE_SCOPE extern __attribute__((__visibility__("hidden")))
| #define HAVE_HIDDEN 1
| #define HAVE_CAST_TO_UNION 1
| #define HAVE_STDBOOL_H 1
| #define _FILE_OFFSET_BITS 64
| #define TCL_WIDE_INT_TYPE long long
| /* end confdefs.h.  */
| #include <sys/stat.h>
| int
| main (void)
| {
| struct stat64 p;
| 
|   ;
|   return 0;
| }
configure:9050: result: no
configure:9058: checking for open64
configure:9058: gcc -o conftest  -pipe   -Wl,--export-dynamic  conftest.c  >&5
configure:9058: $? = 0
configure:9058: result: yes
configure:9064: checking for lseek64
configure:9064: gcc -o conftest  -pipe   -Wl,--export-dynamic  conftest.c  >&5
configure:9064: $? = 0
configure:9064: result: yes
configure:9071: checking for off64_t
configure:9090: gcc -c  -pipe  conftest.c >&5
conftest.c: In function 'main':
conftest.c:38:1: error: unknown type name 'off64_t'; did you mean 'off_t'?
   38 | off64_t offset;
      | ^~~~~~~
      | off_t
configure:9090: $? = 1
configure: failed program was:
| /* confdefs.h */
| #define PACKAGE_NAME "tdbc"
| #define PACKAGE_TARNAME "tdbc"
| #define PACKAGE_VERSION "1.1.10"
| #define PACKAGE_STRING "tdbc 1.1.10"
| #define PACKAGE_BUGREPORT ""
| #define PACKAGE_URL ""
| #define BUILD_tdbc /**/
| #define HAVE_STDIO_H 1
| #define HAVE_STDLIB_H 1
| #define HAVE_STRING_H 1
| #define HAVE_INTTYPES_H 1
| #define HAVE_STDINT_H 1
| #define HAVE_STRINGS_H 1
| #define HAVE_SYS_STAT_H 1
| #define HAVE_SYS_TYPES_H 1
| #define HAVE_UNISTD_H 1
| #define STDC_HEADERS 1
| #define USE_THREAD_ALLOC 1
| #define _REENTRANT 1
| #define _THREAD_SAFE 1
| #define TCL_THREADS 1
| #define USE_TCL_STUBS 1
| #define USE_TCLOO_STUBS 1
| #define MODULE_SCOPE extern __attribute__((__visibility__("hidden")))
| #define HAVE_HIDDEN 1
| #define HAVE_CAST_TO_UNION 1
| #define HAVE_STDBOOL_H 1
| #define _FILE_OFFSET_BITS 64
| #define TCL_WIDE_INT_TYPE long long
| #define HAVE_OPEN64 1
| #define HAVE_LSEEK64 1
| /* end confdefs.h.  */
| #include <sys/types.h>
| int
| main (void)
| {
| off64_t offset;
| 
|   ;
|   return 0;
| }
configure:9110: result: no
configure:9123: checking for build with symbols
configure:9137: result: no
configure:9177: checking for egrep -e
configure:9307: result: /usr/bin/grep -E
configure:9457: checking for tclsh
configure:9492: result: /home/iot25/machenfeng/kank/sq_work/tcl9.0.1/build/tclsh
configure:9711: creating ./config.status

## ---------------------- ##
## Running config.status. ##
## ---------------------- ##

This file was extended by tdbc config.status 1.1.10, which was
generated by GNU Autoconf 2.72.  Invocation command line was

  CONFIG_FILES    = 
  CONFIG_HEADERS  = 
  CONFIG_LINKS    = 
  CONFIG_COMMANDS = 
  $ ./config.status 

on Raspberrypi4B

config.status:824: creating Makefile
config.status:824: creating pkgIndex.tcl
config.status:824: creating tdbcConfig.sh

## ---------------- ##
## Cache variables. ##
## ---------------- ##

ac_cv_c_bigendian=no
ac_cv_c_compiler_gnu=yes
ac_cv_c_inline=inline
ac_cv_c_tclconfig=/home/iot25/machenfeng/kank/sq_work/tcl9.0.1/build
ac_cv_c_tclh=/home/iot25/machenfeng/kank/sq_work/tcl9.0.1/generic
ac_cv_env_CC_set=
ac_cv_env_CC_value=
ac_cv_env_CFLAGS_set=
ac_cv_env_CFLAGS_value=
ac_cv_env_CPPFLAGS_set=
ac_cv_env_CPPFLAGS_value=
ac_cv_env_CPP_set=
ac_cv_env_CPP_value=
ac_cv_env_LDFLAGS_set=
ac_cv_env_LDFLAGS_value=
ac_cv_env_LIBS_set=
ac_cv_env_LIBS_value=
ac_cv_env_build_alias_set=
ac_cv_env_build_alias_value=
ac_cv_env_host_alias_set=
ac_cv_env_host_alias_value=
ac_cv_env_target_alias_set=
ac_cv_env_target_alias_value=
ac_cv_func_lseek64=yes
ac_cv_func_open64=yes
ac_cv_header_inttypes_h=yes
ac_cv_header_stdbool_h=yes
ac_cv_header_stdint_h=yes
ac_cv_header_stdio_h=yes
ac_cv_header_stdlib_h=yes
ac_cv_header_string_h=yes
ac_cv_header_strings_h=yes
ac_cv_header_sys_stat_h=yes
ac_cv_header_sys_types_h=yes
ac_cv_header_unistd_h=yes
ac_cv_lib_pthread_pthread_mutex_init=yes
ac_cv_objext=o
ac_cv_path_EGREP_TRADITIONAL='/usr/bin/grep -E'
ac_cv_prog_CPP='gcc -E'
ac_cv_prog_ac_ct_AR=ar
ac_cv_prog_ac_ct_CC=gcc
ac_cv_prog_ac_ct_RANLIB=ranlib
ac_cv_prog_cc_c11=
ac_cv_prog_cc_g=yes
ac_cv_prog_cc_stdc=
ac_cv_prog_make_make_set=yes
tcl_cv_DIR64=no
tcl_cv__time_bits=no
tcl_cv_cast_to_union=yes
tcl_cv_cc_pipe=yes
tcl_cv_cc_visibility_hidden=yes
tcl_cv_flag__file_offset_bits=yes
tcl_cv_flag__isoc99_source=no
tcl_cv_struct_dirent64=no
tcl_cv_struct_stat64=no
tcl_cv_sys_version=Linux-5.15.32-v7l+
tcl_cv_time_t_64=no
tcl_cv_type_64bit='long long'
tcl_cv_type_off64_t=no

## ----------------- ##
## Output variables. ##
## ----------------- ##

AR='ar'
CC='gcc'
CFLAGS=' -pipe ${CFLAGS_DEFAULT} ${CFLAGS_WARNING} ${SHLIB_CFLAGS} '
CFLAGS_DEBUG='-g'
CFLAGS_DEFAULT='-O2 -fomit-frame-pointer -DNDEBUG'
CFLAGS_OPTIMIZE='-O2 -fomit-frame-pointer'
CFLAGS_WARNING='-Wall'
CLEANFILES=''
CPP='gcc -E'
CPPFLAGS=''
CYGPATH='echo'
DEFS='-DPACKAGE_NAME=\"tdbc\" -DPACKAGE_TARNAME=\"tdbc\" -DPACKAGE_VERSION=\"1.1.10\" -DPACKAGE_STRING=\"tdbc\ 1.1.10\" -DPACKAGE_BUGREPORT=\"\" -DPACKAGE_URL=\"\" -DBUILD_tdbc=/\*\*/ -DHAVE_STDIO_H=1 -DHAVE_STDLIB_H=1 -DHAVE_STRING_H=1 -DHAVE_INTTYPES_H=1 -DHAVE_STDINT_H=1 -DHAVE_STRINGS_H=1 -DHAVE_SYS_STAT_H=1 -DHAVE_SYS_TYPES_H=1 -DHAVE_UNISTD_H=1 -DSTDC_HEADERS=1 -DUSE_THREAD_ALLOC=1 -D_REENTRANT=1 -D_THREAD_SAFE=1 -DTCL_THREADS=1 -DUSE_TCL_STUBS=1 -DUSE_TCLOO_STUBS=1 -DMODULE_SCOPE=extern\ __attribute__\(\(__visibility__\(\"hidden\"\)\)\) -DHAVE_HIDDEN=1 -DHAVE_CAST_TO_UNION=1 -DHAVE_STDBOOL_H=1 -D_FILE_OFFSET_BITS=64 -DTCL_WIDE_INT_TYPE=long\ long -DHAVE_OPEN64=1 -DHAVE_LSEEK64=1 -DTCL_CFG_OPTIMIZED=1'
ECHO_C=''
ECHO_N='-n'
ECHO_T=''
EXEEXT=''
INSTALL='$(SHELL) $(srcdir)/tclconfig/install-sh -c'
INSTALL_DATA='${INSTALL} -m 644'
INSTALL_DATA_DIR='${INSTALL} -d -m 755'
INSTALL_LIBRARY='${INSTALL} -m 644'
INSTALL_PROGRAM='${INSTALL} -m 755'
INSTALL_SCRIPT='${INSTALL} -m 755'
LDFLAGS=' -Wl,--export-dynamic '
LDFLAGS_DEBUG=''
LDFLAGS_DEFAULT=''
LDFLAGS_OPTIMIZE=''
LD_LIBRARY_PATH_VAR='LD_LIBRARY_PATH'
LIBOBJS=''
LIBS=''
LTLIBOBJS=''
MAJOR_VERSION=''
MAKE_LIB='${SHLIB_LD} ${LDFLAGS} ${LDFLAGS_DEFAULT} -o $@ $(PKG_OBJECTS) ${SHLIB_LD_LIBS} '
MAKE_SHARED_LIB='${SHLIB_LD} ${LDFLAGS} ${LDFLAGS_DEFAULT} -o $@ $(PKG_OBJECTS) ${SHLIB_LD_LIBS}'
MAKE_STATIC_LIB='${STLIB_LD} $@ $(PKG_OBJECTS)'
MAKE_STUB_LIB='${STLIB_LD} $@ $(PKG_STUB_OBJECTS)'
MINOR_VERSION=''
OBJEXT='o'
PACKAGE_BUGREPORT=''
PACKAGE_NAME='tdbc'
PACKAGE_STRING='tdbc 1.1.10'
PACKAGE_TARNAME='tdbc'
PACKAGE_URL=''
PACKAGE_VERSION='1.1.10'
PATCHLEVEL=''
PATH_SEPARATOR=':'
PKG_CFLAGS=' '
PKG_HEADERS=' generic/tdbc.h generic/tdbcInt.h generic/tdbcDecls.h'
PKG_INCLUDES=''
PKG_LIBS=''
PKG_LIB_FILE8='libtdbc1.1.10.so'
PKG_LIB_FILE9='libtcl9tdbc1.1.10.so'
PKG_LIB_FILE='libtcl9tdbc1.1.10.so'
PKG_OBJECTS=' tdbc.o tdbcStubInit.o tdbcTokenize.o'
PKG_SOURCES=' tdbc.c tdbcStubInit.c tdbcTokenize.c'
PKG_STUB_LIB_FILE='libtdbcstub.a'
PKG_STUB_OBJECTS=' tdbcStubLib.o'
PKG_STUB_SOURCES=' tdbcStubLib.c'
PKG_TCL_SOURCES=' library/tdbc.tcl'
RANLIB=':'
RANLIB_STUB='ranlib'
RC=''
SET_MAKE=''
SHARED_BUILD='1'
SHELL='/bin/bash'
SHLIB_CFLAGS='-fPIC'
SHLIB_LD='${CC} ${CFLAGS} ${LDFLAGS_DEFAULT} -shared'
SHLIB_LD_LIBS='${LIBS} -L/home/iot25/machenfeng/kank/sq_work/tcl9.0.1/build -ltclstub'
STLIB_LD='${AR} cr'
STUBS_BUILD='1'
TCLOO_VERSION_REQ='1.0'
TCLSH_PROG='/home/iot25/machenfeng/kank/sq_work/tcl9.0.1/build/tclsh'
TCL_BIN_DIR='/home/iot25/machenfeng/kank/sq_work/tcl9.0.1/build'
TCL_DEFS='-DPACKAGE_NAME=\"tcl\" -DPACKAGE_TARNAME=\"tcl\" -DPACKAGE_VERSION=\"9.0\" -DPACKAGE_STRING=\"tcl\ 9.0\" -DPACKAGE_BUGREPORT=\"\" -DPACKAGE_URL=\"\" -DHAVE_STDIO_H=1 -DHAVE_STDLIB_H=1 -DHAVE_STRING_H=1 -DHAVE_INTTYPES_H=1 -DHAVE_STDINT_H=1 -DHAVE_STRINGS_H=1 -DHAVE_SYS_STAT_H=1 -DHAVE_SYS_TYPES_H=1 -DHAVE_UNISTD_H=1 -DHAVE_SYS_TIME_H=1 -DSTDC_HEADERS=1 -DHAVE_SYS_PARAM_H=1 -DTCL_CFGVAL_ENCODING=\"utf-8\" -D_REENTRANT=1 -D_THREAD_SAFE=1 -DHAVE_PTHREAD_ATTR_SETSTACKSIZE=1 -DHAVE_PTHREAD_ATFORK=1 -DHAVE_DECL_PTHREAD_MUTEX_RECURSIVE=1 -DMODULE_SCOPE=extern\ __attribute__\(\(__visibility__\(\"hidden\"\)\)\) -DHAVE_HIDDEN=1 -DHAVE_CAST_TO_UNION=1 -DHAVE_STDBOOL_H=1 -DHAVE_VFORK=1 -DHAVE_POSIX_SPAWNP=1 -DHAVE_POSIX_SPAWN_FILE_ACTIONS_ADDDUP2=1 -DHAVE_POSIX_SPAWNATTR_SETFLAGS=1 -DTCL_SHLIB_EXT=\".so\" -DNDEBUG=1 -DTCL_CFG_OPTIMIZED=1 -DMP_PREC=4 -D_FILE_OFFSET_BITS=64 -D_LARGEFILE64_SOURCE=1 -DHAVE_STRUCT_DIRENT64=1 -DHAVE_OPEN64=1 -DHAVE_LSEEK64=1 -DHAVE_TYPE_OFF64_T=1 -DHAVE_GETCWD=1 -DHAVE_MKSTEMP=1 -DHAVE_WAITPID=1 -DHAVE_GETNAMEINFO=1 -DHAVE_GETADDRINFO=1 -DHAVE_FREEADDRINFO=1 -DHAVE_GAI_STRERROR=1 -DHAVE_STRUCT_ADDRINFO=1 -DHAVE_STRUCT_IN6_ADDR=1 -DHAVE_STRUCT_SOCKADDR_IN6=1 -DHAVE_STRUCT_SOCKADDR_STORAGE=1 -DHAVE_GETPWUID_R_5=1 -DHAVE_GETPWUID_R=1 -DHAVE_GETPWNAM_R_5=1 -DHAVE_GETPWNAM_R=1 -DHAVE_GETGRGID_R_5=1 -DHAVE_GETGRGID_R=1 -DHAVE_GETGRNAM_R_5=1 -DHAVE_GETGRNAM_R=1 -DHAVE_DECL_GETHOSTBYNAME_R=1 -DHAVE_GETHOSTBYNAME_R_6=1 -DHAVE_GETHOSTBYNAME_R=1 -DHAVE_DECL_GETHOSTBYADDR_R=1 -DHAVE_GETHOSTBYADDR_R_8=1 -DHAVE_GETHOSTBYADDR_R=1 -DHAVE_TERMIOS_H=1 -DHAVE_SYS_IOCTL_H=1 -DHAVE_PSELECT=1 -DHAVE_SYS_EPOLL_H=1 -DNOTIFIER_EPOLL=1 -DHAVE_SYS_EVENTFD_H=1 -DHAVE_EVENTFD=1 -DHAVE_SYS_TIME_H=1 -DHAVE_GMTIME_R=1 -DHAVE_LOCALTIME_R=1 -DHAVE_TM_GMTOFF=1 -DHAVE_TIMEZONE_VAR=1 -DHAVE_STRUCT_STAT_ST_BLOCKS=1 -DHAVE_STRUCT_STAT_ST_BLKSIZE=1 -DHAVE_STRUCT_STAT_ST_RDEV=1 -DHAVE_BLKCNT_T=1 -DHAVE_INTPTR_T=1 -DHAVE_UINTPTR_T=1 -DNO_UNION_WAIT=1 -D__CHAR_UNSIGNED__=1 -DHAVE_SIGNED_CHAR=1 -DHAVE_LANGINFO=1 -DHAVE_CFMAKERAW=1 -DHAVE_MKSTEMPS=1 -DHAVE_FTS=1 -DHAVE_SYS_IOCTL_H=1 -DTCL_UNLOAD_DLLS=1 -DZIPFS_BUILD=1'
TCL_EXTRA_CFLAGS=' -pipe -finput-charset=UTF-8 '
TCL_INCLUDES='-I"/home/iot25/machenfeng/kank/sq_work/tcl9.0.1/generic"'
TCL_LD_FLAGS=' -Wl,--export-dynamic '
TCL_LIBS='-ldl -lz  -lpthread -lm'
TCL_LIB_FILE='libtcl9.0.so'
TCL_LIB_FLAG='-ltcl9.0'
TCL_LIB_SPEC='-L/home/iot25/machenfeng/kank/sq_work/tcl9.0.1/build -ltcl9.0'
TCL_PATCH_LEVEL='.1'
TCL_SHLIB_LD_LIBS='${LIBS}'
TCL_SRC_DIR='/home/iot25/machenfeng/kank/sq_work/tcl9.0.1'
TCL_STUB_LIB_FILE='libtclstub.a'
TCL_STUB_LIB_FLAG='-ltclstub'
TCL_STUB_LIB_SPEC='-L/home/iot25/machenfeng/kank/sq_work/tcl9.0.1/build -ltclstub'
TCL_THREADS='1'
TCL_VERSION='9.0'
TCL_VERSION_DESIRED='8.6'
TCL_VERSION_REQ='8.5-'
VC_MANIFEST_EMBED_DLL=''
VC_MANIFEST_EMBED_EXE=''
ac_ct_CC='gcc'
bindir='${exec_prefix}/bin'
build_alias=''
datadir='${datarootdir}'
datarootdir='${prefix}/share'
docdir='${datarootdir}/doc/${PACKAGE_TARNAME}'
dvidir='${docdir}'
exec_prefix='/home/iot25/machenfeng/kank/sq_work/tcl9.0.1/build'
host_alias=''
htmldir='${docdir}'
includedir='${prefix}/include'
infodir='${datarootdir}/info'
libdir='/home/iot25/machenfeng/kank/sq_work/tcl9.0.1/build/lib'
libexecdir='${exec_prefix}/libexec'
localedir='${datarootdir}/locale'
localstatedir='${prefix}/var'
mandir='${datarootdir}/man'
oldincludedir='/usr/include'
pdfdir='${docdir}'
prefix='/home/iot25/machenfeng/kank/sq_work/tcl9.0.1/build'
program_transform_name='s,x,x,'
psdir='${docdir}'
runstatedir='${localstatedir}/run'
sbindir='${exec_prefix}/sbin'
sharedstatedir='${prefix}/com'
sysconfdir='${prefix}/etc'
target_alias=''
tcloo_BIN_DIR=''
tcloo_LIB_FILE=''
tcloo_LIB_SPEC=''
tcloo_SRC_DIR=''
tcloo_STUB_LIB_FILE=''
tcloo_STUB_LIB_PATH=''
tcloo_STUB_LIB_SPEC=''
tcloo_VERSION=''
tdbc_BUILD_INCLUDE_SPEC='-I/home/iot25/machenfeng/kank/sq_work/tcl9.0.1/pkgs/tdbc1.1.10/generic'
tdbc_BUILD_LIB_SPEC='-L/home/iot25/machenfeng/kank/sq_work/tcl9.0.1/build/pkgs/tdbc1.1.10 -ltdbc1.1.10'
tdbc_BUILD_STUB_LIB_PATH='/home/iot25/machenfeng/kank/sq_work/tcl9.0.1/build/pkgs/tdbc1.1.10/libtdbcstub.a'
tdbc_BUILD_STUB_LIB_SPEC='-L/home/iot25/machenfeng/kank/sq_work/tcl9.0.1/build/pkgs/tdbc1.1.10 -ltdbcstub'
tdbc_INCLUDE_SPEC='-I/home/iot25/machenfeng/kank/sq_work/tcl9.0.1/build/include'
tdbc_LIB_DIR='/home/iot25/machenfeng/kank/sq_work/tcl9.0.1/build/lib/tdbc1.1.10'
tdbc_LIB_SPEC='-L/home/iot25/machenfeng/kank/sq_work/tcl9.0.1/build/lib/tdbc1.1.10 -ltdbc1.1.10'
tdbc_SRC_DIR='/home/iot25/machenfeng/kank/sq_work/tcl9.0.1/pkgs/tdbc1.1.10'
tdbc_STUB_LIB_PATH='/home/iot25/machenfeng/kank/sq_work/tcl9.0.1/build/lib/tdbc1.1.10/libtdbcstub.a'
tdbc_STUB_LIB_SPEC='-L/home/iot25/machenfeng/kank/sq_work/tcl9.0.1/build/lib/tdbc1.1.10 -ltdbcstub'

## ----------- ##
## confdefs.h. ##
## ----------- ##

/* confdefs.h */
#define PACKAGE_NAME "tdbc"
#define PACKAGE_TARNAME "tdbc"
#define PACKAGE_VERSION "1.1.10"
#define PACKAGE_STRING "tdbc 1.1.10"
#define PACKAGE_BUGREPORT ""
#define PACKAGE_URL ""
#define BUILD_tdbc /**/
#define HAVE_STDIO_H 1
#define HAVE_STDLIB_H 1
#define HAVE_STRING_H 1
#define HAVE_INTTYPES_H 1
#define HAVE_STDINT_H 1
#define HAVE_STRINGS_H 1
#define HAVE_SYS_STAT_H 1
#define HAVE_SYS_TYPES_H 1
#define HAVE_UNISTD_H 1
#define STDC_HEADERS 1
#define USE_THREAD_ALLOC 1
#define _REENTRANT 1
#define _THREAD_SAFE 1
#define TCL_THREADS 1
#define USE_TCL_STUBS 1
#define USE_TCLOO_STUBS 1
#define MODULE_SCOPE extern __attribute__((__visibility__("hidden")))
#define HAVE_HIDDEN 1
#define HAVE_CAST_TO_UNION 1
#define HAVE_STDBOOL_H 1
#define _FILE_OFFSET_BITS 64
#define TCL_WIDE_INT_TYPE long long
#define HAVE_OPEN64 1
#define HAVE_LSEEK64 1
#define TCL_CFG_OPTIMIZED 1

configure: exit 0
